#
# There is insufficient memory for the Java Runtime Environment to continue.
# Native memory allocation (malloc) failed to allocate 3430784 bytes. Error detail: Chunk::new
# Possible reasons:
#   The system is out of physical RAM or swap space
#   This process is running with CompressedOops enabled, and the Java Heap may be blocking the growth of the native heap
# Possible solutions:
#   Reduce memory load on the system
#   Increase physical memory or swap space
#   Check if swap backing store is full
#   Decrease Java heap size (-Xmx/-Xms)
#   Decrease number of Java threads
#   Decrease Java thread stack sizes (-Xss)
#   Set larger code cache with -XX:ReservedCodeCacheSize=
#   JVM is running with Unscaled Compressed Oops mode in which the Java heap is
#     placed in the first 4GB address space. The Java Heap base address is the
#     maximum limit for the native heap growth. Please use -XX:HeapBaseMinAddress
#     to set the Java Heap base and to place the Java Heap above 4GB virtual address.
# This output file may be truncated or incomplete.
#
#  Out of Memory Error (arena.cpp:168), pid=21304, tid=25412
#
# JRE version: OpenJDK Runtime Environment Temurin-21.0.9+10 (21.0.9+10) (build 21.0.9+10-LTS)
# Java VM: OpenJDK 64-Bit Server VM Temurin-21.0.9+10 (21.0.9+10-LTS, mixed mode, sharing, tiered, compressed oops, compressed class ptrs, parallel gc, windows-amd64)
# No core dump will be written. Minidumps are not enabled by default on client versions of Windows
#

---------------  S U M M A R Y ------------

Command Line: --add-modules=ALL-SYSTEM --add-opens=java.base/java.util=ALL-UNNAMED --add-opens=java.base/java.lang=ALL-UNNAMED --add-opens=java.base/sun.nio.fs=ALL-UNNAMED -Declipse.application=org.eclipse.jdt.ls.core.id1 -Dosgi.bundles.defaultStartLevel=4 -Declipse.product=org.eclipse.jdt.ls.core.product -Djava.import.generatesMetadataFilesAtProjectRoot=false -DDetectVMInstallationsJob.disabled=true -Dfile.encoding=utf8 -XX:+UseParallelGC -XX:GCTimeRatio=4 -XX:AdaptiveSizePolicyWeight=90 -Dsun.zip.disableMemoryMapping=true -Xmx2G -Xms100m -Xlog:disable -javaagent:c:\Users\Mehme\.antigravity\extensions\redhat.java-1.52.0-win32-x64\lombok\lombok-1.18.39-4050.jar -XX:+HeapDumpOnOutOfMemoryError -XX:HeapDumpPath=c:\Users\Mehme\AppData\Roaming\Antigravity\User\workspaceStorage\834461939916f63032647d8448ab6216\redhat.java -Daether.dependencyCollector.impl=bf c:\Users\Mehme\.antigravity\extensions\redhat.java-1.52.0-win32-x64\server\plugins\org.eclipse.equinox.launcher_1.7.100.v20251111-0406.jar -configuration c:\Users\Mehme\AppData\Roaming\Antigravity\User\globalStorage\redhat.java\1.52.0\config_win -data c:\Users\Mehme\AppData\Roaming\Antigravity\User\workspaceStorage\834461939916f63032647d8448ab6216\redhat.java\jdt_ws --pipe=\\.\pipe\lsp-99b47f682be1d7caecb7859d3b196f5d-sock

Host: Intel(R) Core(TM) i5-9600KF CPU @ 3.70GHz, 6 cores, 15G,  Windows 11 , 64 bit Build 26100 (10.0.26100.7920)
Time: Tue Mar 24 01:46:32 2026 Türkiye Standart Saati elapsed time: 25.497814 seconds (0d 0h 0m 25s)

---------------  T H R E A D  ---------------

Current thread (0x00000222090b0870):  JavaThread "C2 CompilerThread1" daemon [_thread_in_native, id=25412, stack(0x00000023d7500000,0x00000023d7600000) (1024K)]


Current CompileTask:
C2:25497 13982       4       org.eclipse.jdt.internal.compiler.lookup.LookupEnvironment::getTypeFromTypeSignature (770 bytes)

Stack: [0x00000023d7500000,0x00000023d7600000]
Native frames: (J=compiled Java code, j=interpreted, Vv=VM code, C=native code)
V  [jvm.dll+0x6d6e29]
V  [jvm.dll+0x8b4b76]
V  [jvm.dll+0x8b712e]
V  [jvm.dll+0x8b7813]
V  [jvm.dll+0x283d86]
V  [jvm.dll+0xc66ed]
V  [jvm.dll+0xc6c31]
V  [jvm.dll+0x3be53b]
V  [jvm.dll+0x1e3d59]
V  [jvm.dll+0x24c0f3]
V  [jvm.dll+0x24b580]
V  [jvm.dll+0x1cb13e]
V  [jvm.dll+0x25b29d]
V  [jvm.dll+0x25982a]
V  [jvm.dll+0x3f7ea6]
V  [jvm.dll+0x85e9ad]
V  [jvm.dll+0x6d565d]
C  [ucrtbase.dll+0x37b0]
C  [KERNEL32.DLL+0x2e8d7]
C  [ntdll.dll+0x8c48c]


---------------  P R O C E S S  ---------------

Threads class SMR info:
_java_thread_list=0x00000222079e3f30, length=46, elements={
0x00000221a827c2c0, 0x00000221a81aa600, 0x00000221a81ad450, 0x00000221a81b1750,
0x00000221a81b23a0, 0x00000221a81b4e00, 0x00000221a81b5850, 0x00000221a81b8690,
0x00000221a81e4920, 0x0000022205182f50, 0x00000222052ed6c0, 0x000002220566a650,
0x0000022205b05240, 0x0000022205dda650, 0x0000022205ddacb0, 0x000002220595e010,
0x0000022205d4fd80, 0x000002220606daf0, 0x00000222062bc000, 0x000002220631d500,
0x000002220631a710, 0x000002220631bac0, 0x000002220631ce70, 0x000002220631ada0,
0x000002220631a080, 0x000002220631b430, 0x000002220631c150, 0x000002220631c7e0,
0x00000222089c2550, 0x00000222089c3270, 0x00000222089c0b10, 0x00000222089c11a0,
0x00000222089c2be0, 0x00000222089c3900, 0x00000222089c1ec0, 0x00000222089c59d0,
0x00000222089c7aa0, 0x00000222089c6d80, 0x00000222089c7410, 0x00000222060590b0,
0x0000022206057d00, 0x00000222060562c0, 0x0000022206056950, 0x0000022206058390,
0x0000022206059740, 0x00000222090b0870
}

Java Threads: ( => current thread )
  0x00000221a827c2c0 JavaThread "main"                              [_thread_blocked, id=19492, stack(0x00000023d3d00000,0x00000023d3e00000) (1024K)]
  0x00000221a81aa600 JavaThread "Reference Handler"          daemon [_thread_blocked, id=24768, stack(0x00000023d4100000,0x00000023d4200000) (1024K)]
  0x00000221a81ad450 JavaThread "Finalizer"                  daemon [_thread_blocked, id=24320, stack(0x00000023d4200000,0x00000023d4300000) (1024K)]
  0x00000221a81b1750 JavaThread "Signal Dispatcher"          daemon [_thread_blocked, id=14308, stack(0x00000023d4300000,0x00000023d4400000) (1024K)]
  0x00000221a81b23a0 JavaThread "Attach Listener"            daemon [_thread_blocked, id=9980, stack(0x00000023d4400000,0x00000023d4500000) (1024K)]
  0x00000221a81b4e00 JavaThread "Service Thread"             daemon [_thread_blocked, id=24552, stack(0x00000023d4500000,0x00000023d4600000) (1024K)]
  0x00000221a81b5850 JavaThread "Monitor Deflation Thread"   daemon [_thread_blocked, id=21320, stack(0x00000023d4600000,0x00000023d4700000) (1024K)]
  0x00000221a81b8690 JavaThread "C2 CompilerThread0"         daemon [_thread_blocked, id=19520, stack(0x00000023d4700000,0x00000023d4800000) (1024K)]
  0x00000221a81e4920 JavaThread "C1 CompilerThread0"         daemon [_thread_blocked, id=19172, stack(0x00000023d4800000,0x00000023d4900000) (1024K)]
  0x0000022205182f50 JavaThread "Common-Cleaner"             daemon [_thread_blocked, id=18756, stack(0x00000023d4900000,0x00000023d4a00000) (1024K)]
  0x00000222052ed6c0 JavaThread "Notification Thread"        daemon [_thread_blocked, id=12016, stack(0x00000023d4b00000,0x00000023d4c00000) (1024K)]
  0x000002220566a650 JavaThread "Active Thread: Equinox Container: 3df80785-89c3-47a9-acb3-d704e1c2401f"        [_thread_blocked, id=24944, stack(0x00000023d5200000,0x00000023d5300000) (1024K)]
  0x0000022205b05240 JavaThread "Refresh Thread: Equinox Container: 3df80785-89c3-47a9-acb3-d704e1c2401f" daemon [_thread_blocked, id=12760, stack(0x00000023d5300000,0x00000023d5400000) (1024K)]
  0x0000022205dda650 JavaThread "Framework Event Dispatcher: Equinox Container: 3df80785-89c3-47a9-acb3-d704e1c2401f" daemon [_thread_blocked, id=15688, stack(0x00000023d4c00000,0x00000023d4d00000) (1024K)]
  0x0000022205ddacb0 JavaThread "Start Level: Equinox Container: 3df80785-89c3-47a9-acb3-d704e1c2401f" daemon [_thread_blocked, id=12436, stack(0x00000023d5400000,0x00000023d5500000) (1024K)]
  0x000002220595e010 JavaThread "Bundle File Closer"         daemon [_thread_blocked, id=6492, stack(0x00000023d5600000,0x00000023d5700000) (1024K)]
  0x0000022205d4fd80 JavaThread "SCR Component Actor"        daemon [_thread_blocked, id=12944, stack(0x00000023d5500000,0x00000023d5600000) (1024K)]
  0x000002220606daf0 JavaThread "Worker-JM"                         [_thread_blocked, id=24256, stack(0x00000023d5800000,0x00000023d5900000) (1024K)]
  0x00000222062bc000 JavaThread "JNA Cleaner"                daemon [_thread_blocked, id=2652, stack(0x00000023d5700000,0x00000023d5800000) (1024K)]
  0x000002220631d500 JavaThread "Worker-0"                          [_thread_blocked, id=19060, stack(0x00000023d5900000,0x00000023d5a00000) (1024K)]
  0x000002220631a710 JavaThread "Worker-1: Java indexing... "        [_thread_blocked, id=26492, stack(0x00000023d5a00000,0x00000023d5b00000) (1024K)]
  0x000002220631bac0 JavaThread "Worker-2"                          [_thread_blocked, id=21432, stack(0x00000023d5c00000,0x00000023d5d00000) (1024K)]
  0x000002220631ce70 JavaThread "Java indexing"              daemon [_thread_in_vm, id=18388, stack(0x00000023d5d00000,0x00000023d5e00000) (1024K)]
  0x000002220631ada0 JavaThread "Worker-3"                          [_thread_blocked, id=1112, stack(0x00000023d6000000,0x00000023d6100000) (1024K)]
  0x000002220631a080 JavaThread "Thread-1"                   daemon [_thread_in_native, id=1980, stack(0x00000023d6100000,0x00000023d6200000) (1024K)]
  0x000002220631b430 JavaThread "Thread-2"                   daemon [_thread_in_native, id=16960, stack(0x00000023d6200000,0x00000023d6300000) (1024K)]
  0x000002220631c150 JavaThread "Thread-3"                   daemon [_thread_in_native, id=25516, stack(0x00000023d6300000,0x00000023d6400000) (1024K)]
  0x000002220631c7e0 JavaThread "Thread-4"                   daemon [_thread_in_native, id=15772, stack(0x00000023d6400000,0x00000023d6500000) (1024K)]
  0x00000222089c2550 JavaThread "Thread-5"                   daemon [_thread_in_native, id=26532, stack(0x00000023d6500000,0x00000023d6600000) (1024K)]
  0x00000222089c3270 JavaThread "Thread-6"                   daemon [_thread_in_native, id=25764, stack(0x00000023d6600000,0x00000023d6700000) (1024K)]
  0x00000222089c0b10 JavaThread "Thread-7"                   daemon [_thread_in_native, id=16368, stack(0x00000023d6700000,0x00000023d6800000) (1024K)]
  0x00000222089c11a0 JavaThread "pool-2-thread-1"                   [_thread_blocked, id=5052, stack(0x00000023d6800000,0x00000023d6900000) (1024K)]
  0x00000222089c2be0 JavaThread "WorkspaceEventsHandler"            [_thread_blocked, id=13168, stack(0x00000023d6900000,0x00000023d6a00000) (1024K)]
  0x00000222089c3900 JavaThread "pool-1-thread-1"                   [_thread_blocked, id=24808, stack(0x00000023d6a00000,0x00000023d6b00000) (1024K)]
  0x00000222089c1ec0 JavaThread "ForkJoinPool.commonPool-worker-1" daemon [_thread_blocked, id=7756, stack(0x00000023d5b00000,0x00000023d5c00000) (1024K)]
  0x00000222089c59d0 JavaThread "ForkJoinPool.commonPool-worker-2" daemon [_thread_blocked, id=4532, stack(0x00000023d6c00000,0x00000023d6d00000) (1024K)]
  0x00000222089c7aa0 JavaThread "Worker-4"                          [_thread_blocked, id=8692, stack(0x00000023d6d00000,0x00000023d6e00000) (1024K)]
  0x00000222089c6d80 JavaThread "ForkJoinPool.commonPool-worker-3" daemon [_thread_blocked, id=13016, stack(0x00000023d6e00000,0x00000023d6f00000) (1024K)]
  0x00000222089c7410 JavaThread "ForkJoinPool.commonPool-worker-4" daemon [_thread_blocked, id=16672, stack(0x00000023d6f00000,0x00000023d7000000) (1024K)]
  0x00000222060590b0 JavaThread "ForkJoinPool.commonPool-worker-5" daemon [_thread_blocked, id=11608, stack(0x00000023d7000000,0x00000023d7100000) (1024K)]
  0x0000022206057d00 JavaThread "Compiler Source File Reader" daemon [_thread_blocked, id=21092, stack(0x00000023d7100000,0x00000023d7200000) (1024K)]
  0x00000222060562c0 JavaThread "Compiler Source File Reader" daemon [_thread_blocked, id=11220, stack(0x00000023d7200000,0x00000023d7300000) (1024K)]
  0x0000022206056950 JavaThread "Compiler Source File Reader" daemon [_thread_blocked, id=12212, stack(0x00000023d7300000,0x00000023d7400000) (1024K)]
  0x0000022206058390 JavaThread "Compiler Source File Reader" daemon [_thread_blocked, id=2320, stack(0x00000023d7400000,0x00000023d7500000) (1024K)]
  0x0000022206059740 JavaThread "Compiler Processing Task"   daemon [_thread_blocked, id=4692, stack(0x00000023d6b00000,0x00000023d6c00000) (1024K)]
=>0x00000222090b0870 JavaThread "C2 CompilerThread1"         daemon [_thread_in_native, id=25412, stack(0x00000023d7500000,0x00000023d7600000) (1024K)]
Total: 46

Other Threads:
  0x00000221a81909e0 VMThread "VM Thread"                           [id=25160, stack(0x00000023d4000000,0x00000023d4100000) (1024K)]
  0x00000221a810ca00 WatcherThread "VM Periodic Task Thread"        [id=16432, stack(0x00000023d3f00000,0x00000023d4000000) (1024K)]
  0x00000221a829ae00 WorkerThread "GC Thread#0"                     [id=6172, stack(0x00000023d3e00000,0x00000023d3f00000) (1024K)]
  0x00000222055e1530 WorkerThread "GC Thread#1"                     [id=12596, stack(0x00000023d4d00000,0x00000023d4e00000) (1024K)]
  0x0000022205adc3a0 WorkerThread "GC Thread#2"                     [id=176, stack(0x00000023d4e00000,0x00000023d4f00000) (1024K)]
  0x0000022205443790 WorkerThread "GC Thread#3"                     [id=17112, stack(0x00000023d4f00000,0x00000023d5000000) (1024K)]
  0x000002220583ca80 WorkerThread "GC Thread#4"                     [id=2156, stack(0x00000023d5000000,0x00000023d5100000) (1024K)]
  0x000002220583ce20 WorkerThread "GC Thread#5"                     [id=12532, stack(0x00000023d5100000,0x00000023d5200000) (1024K)]
Total: 8

Threads with active compile tasks:
C2 CompilerThread1  25541 13982       4       org.eclipse.jdt.internal.compiler.lookup.LookupEnvironment::getTypeFromTypeSignature (770 bytes)
Total: 1

VM state: not at safepoint (normal execution)

VM Mutex/Monitor currently owned by a thread: None

Heap address: 0x0000000080000000, size: 2048 MB, Compressed Oops mode: 32-bit

CDS archive(s) mapped at: [0x00000221bf000000-0x00000221bfba0000-0x00000221bfba0000), size 12189696, SharedBaseAddress: 0x00000221bf000000, ArchiveRelocationMode: 1.
Compressed class space mapped at: 0x00000221c0000000-0x0000022200000000, reserved size: 1073741824
Narrow klass base: 0x00000221bf000000, Narrow klass shift: 0, Narrow klass range: 0x100000000

GC Precious Log:
 CardTable entry size: 512
 CPUs: 6 total, 6 available
 Memory: 16332M
 Large Page Support: Disabled
 NUMA Support: Disabled
 Compressed Oops: Enabled (32-bit)
 Alignments: Space 512K, Generation 512K, Heap 2M
 Heap Min Capacity: 100M
 Heap Initial Capacity: 100M
 Heap Max Capacity: 2G
 Pre-touch: Disabled
 Parallel Workers: 6

Heap:
 PSYoungGen      total 6144K, used 5636K [0x00000000d5580000, 0x00000000d5d80000, 0x0000000100000000)
  eden space 4096K, 93% used [0x00000000d5580000,0x00000000d5939390,0x00000000d5980000)
  from space 2048K, 89% used [0x00000000d5980000,0x00000000d5b48010,0x00000000d5b80000)
  to   space 2048K, 0% used [0x00000000d5b80000,0x00000000d5b80000,0x00000000d5d80000)
 ParOldGen       total 224768K, used 224513K [0x0000000080000000, 0x000000008db80000, 0x00000000d5580000)
  object space 224768K, 99% used [0x0000000080000000,0x000000008db404a0,0x000000008db80000)
 Metaspace       used 67726K, committed 69376K, reserved 1114112K
  class space    used 7049K, committed 7808K, reserved 1048576K

Card table byte_map: [0x00000221a7c20000,0x00000221a8030000] _byte_map_base: 0x00000221a7820000

Marking Bits: (ParMarkBitMap*) 0x00007ffebe632460
 Begin Bits: [0x00000221ba730000, 0x00000221bc730000)
 End Bits:   [0x00000221bc730000, 0x00000221be730000)

Polling page: 0x00000221a60b0000

Metaspace:

Usage:
  Non-class:     59.26 MB used.
      Class:      6.88 MB used.
       Both:     66.14 MB used.

Virtual space:
  Non-class space:       64.00 MB reserved,      60.12 MB ( 94%) committed,  1 nodes.
      Class space:        1.00 GB reserved,       7.62 MB ( <1%) committed,  1 nodes.
             Both:        1.06 GB reserved,      67.75 MB (  6%) committed. 

Chunk freelists:
   Non-Class:  3.45 MB
       Class:  8.29 MB
        Both:  11.75 MB

MaxMetaspaceSize: unlimited
CompressedClassSpaceSize: 1.00 GB
Initial GC threshold: 21.00 MB
Current GC threshold: 97.31 MB
CDS: on
 - commit_granule_bytes: 65536.
 - commit_granule_words: 8192.
 - virtual_space_node_default_size: 8388608.
 - enlarge_chunks_in_place: 1.
 - use_allocation_guard: 0.


Internal statistics:

num_allocs_failed_limit: 9.
num_arena_births: 1356.
num_arena_deaths: 14.
num_vsnodes_births: 2.
num_vsnodes_deaths: 0.
num_space_committed: 1084.
num_space_uncommitted: 0.
num_chunks_returned_to_freelist: 23.
num_chunks_taken_from_freelist: 4680.
num_chunk_merges: 10.
num_chunk_splits: 2851.
num_chunks_enlarged: 1578.
num_inconsistent_stats: 0.

CodeHeap 'non-profiled nmethods': size=120000Kb used=11767Kb max_used=11767Kb free=108232Kb
 bounds [0x00000221b2f50000, 0x00000221b3ad0000, 0x00000221ba480000]
CodeHeap 'profiled nmethods': size=120000Kb used=32239Kb max_used=32239Kb free=87760Kb
 bounds [0x00000221ab480000, 0x00000221ad400000, 0x00000221b29b0000]
CodeHeap 'non-nmethods': size=5760Kb used=1436Kb max_used=1653Kb free=4323Kb
 bounds [0x00000221b29b0000, 0x00000221b2c20000, 0x00000221b2f50000]
CodeCache: size=245760Kb, used=45442Kb, max_used=45659Kb, free=200315Kb
 total_blobs=14057, nmethods=13307, adapters=654, full_count=0
Compilation: enabled, stopped_count=0, restarted_count=0

Compilation events (20 events):
Event: 25.259 Thread 0x00000221a81e4920 nmethod 14069 0x00000221ad3f9710 code [0x00000221ad3f98c0, 0x00000221ad3f9b90]
Event: 25.278 Thread 0x00000221a81b8690 nmethod 14006 0x00000221b3ac4d90 code [0x00000221b3ac5140, 0x00000221b3ac8018]
Event: 25.278 Thread 0x00000221a81b8690 13984       4       org.eclipse.jdt.internal.compiler.lookup.LookupEnvironment::usesNullTypeAnnotations (152 bytes)
Event: 25.283 Thread 0x00000221a81b8690 nmethod 13984 0x00000221b3aca210 code [0x00000221b3aca440, 0x00000221b3acaa48]
Event: 25.283 Thread 0x00000221a81b8690 14056       4       lombok.core.AST::putInMap (35 bytes)
Event: 25.290 Thread 0x00000221a81b8690 nmethod 14056 0x00000221b3acae90 code [0x00000221b3acb0e0, 0x00000221b3acba18]
Event: 25.290 Thread 0x00000221a81b8690 14010       4       org.eclipse.jdt.internal.compiler.lookup.ReferenceBinding::isStatic (28 bytes)
Event: 25.291 Thread 0x00000221a81b8690 nmethod 14010 0x00000221b3acc190 code [0x00000221b3acc320, 0x00000221b3acc3c8]
Event: 25.291 Thread 0x00000221a81b8690 14049       4       org.eclipse.jdt.internal.core.search.indexing.AbstractIndexer::addIndexMetaQualification (44 bytes)
Event: 25.294 Thread 0x00000221a81b8690 nmethod 14049 0x00000221b3acc490 code [0x00000221b3acc640, 0x00000221b3acc950]
Event: 25.294 Thread 0x00000221a81b8690 14050       4       org.eclipse.jdt.internal.core.search.indexing.AbstractIndexer::addIndexEntry (10 bytes)
Event: 25.295 Thread 0x00000221a81b8690 nmethod 14050 0x00000221b3accb90 code [0x00000221b3accd40, 0x00000221b3accef0]
Event: 25.295 Thread 0x00000221a81b8690 14046       4       org.eclipse.jdt.internal.core.search.indexing.IndexingParser::newSingleNameReference (32 bytes)
Event: 25.296 Thread 0x00000221a81b8690 nmethod 14046 0x00000221b3acd110 code [0x00000221b3acd2a0, 0x00000221b3acd378]
Event: 25.296 Thread 0x00000221a81b8690 13966       4       java.lang.StringUTF16::charAt (11 bytes)
Event: 25.296 Thread 0x00000221a81b8690 nmethod 13966 0x00000221b3acd410 code [0x00000221b3acd5a0, 0x00000221b3acd650]
Event: 25.452 Thread 0x00000221a81e4920 14070       3       java.util.Collections$UnmodifiableMap::containsKey (11 bytes)
Event: 25.453 Thread 0x00000221a81e4920 nmethod 14070 0x00000221ad3f9c90 code [0x00000221ad3f9e40, 0x00000221ad3fa018]
Event: 25.492 Thread 0x00000221a81e4920 14071       3       lombok.core.configuration.CheckerFrameworkVersion::generateSideEffectFree (11 bytes)
Event: 25.492 Thread 0x00000221a81e4920 nmethod 14071 0x00000221ad3fa110 code [0x00000221ad3fa2c0, 0x00000221ad3fa430]

GC Heap History (20 events):
Event: 24.480 GC heap before
{Heap before GC invocations=107 (full 3):
 PSYoungGen      total 7680K, used 7660K [0x00000000d5580000, 0x00000000d6480000, 0x0000000100000000)
  eden space 5120K, 100% used [0x00000000d5580000,0x00000000d5a80000,0x00000000d5a80000)
  from space 2560K, 99% used [0x00000000d5a80000,0x00000000d5cfb180,0x00000000d5d00000)
  to   space 5120K, 0% used [0x00000000d5f80000,0x00000000d5f80000,0x00000000d6480000)
 ParOldGen       total 209920K, used 209673K [0x0000000080000000, 0x000000008cd00000, 0x00000000d5580000)
  object space 209920K, 99% used [0x0000000080000000,0x000000008ccc24e8,0x000000008cd00000)
 Metaspace       used 67553K, committed 69248K, reserved 1114112K
  class space    used 7048K, committed 7808K, reserved 1048576K
}
Event: 24.483 GC heap after
{Heap after GC invocations=107 (full 3):
 PSYoungGen      total 9728K, used 4126K [0x00000000d5580000, 0x00000000d6400000, 0x0000000100000000)
  eden space 5120K, 0% used [0x00000000d5580000,0x00000000d5580000,0x00000000d5a80000)
  from space 4608K, 89% used [0x00000000d5f80000,0x00000000d6387ac8,0x00000000d6400000)
  to   space 4608K, 0% used [0x00000000d5b00000,0x00000000d5b00000,0x00000000d5f80000)
 ParOldGen       total 212480K, used 212192K [0x0000000080000000, 0x000000008cf80000, 0x00000000d5580000)
  object space 212480K, 99% used [0x0000000080000000,0x000000008cf38098,0x000000008cf80000)
 Metaspace       used 67553K, committed 69248K, reserved 1114112K
  class space    used 7048K, committed 7808K, reserved 1048576K
}
Event: 24.799 GC heap before
{Heap before GC invocations=108 (full 3):
 PSYoungGen      total 9728K, used 9246K [0x00000000d5580000, 0x00000000d6400000, 0x0000000100000000)
  eden space 5120K, 99% used [0x00000000d5580000,0x00000000d5a7fff8,0x00000000d5a80000)
  from space 4608K, 89% used [0x00000000d5f80000,0x00000000d6387ac8,0x00000000d6400000)
  to   space 4608K, 0% used [0x00000000d5b00000,0x00000000d5b00000,0x00000000d5f80000)
 ParOldGen       total 212480K, used 212192K [0x0000000080000000, 0x000000008cf80000, 0x00000000d5580000)
  object space 212480K, 99% used [0x0000000080000000,0x000000008cf38098,0x000000008cf80000)
 Metaspace       used 67567K, committed 69248K, reserved 1114112K
  class space    used 7048K, committed 7808K, reserved 1048576K
}
Event: 24.803 GC heap after
{Heap after GC invocations=108 (full 3):
 PSYoungGen      total 7168K, used 1859K [0x00000000d5580000, 0x00000000d6080000, 0x0000000100000000)
  eden space 5120K, 0% used [0x00000000d5580000,0x00000000d5580000,0x00000000d5a80000)
  from space 2048K, 90% used [0x00000000d5b00000,0x00000000d5cd0f90,0x00000000d5d00000)
  to   space 3072K, 0% used [0x00000000d5d80000,0x00000000d5d80000,0x00000000d6080000)
 ParOldGen       total 216576K, used 216214K [0x0000000080000000, 0x000000008d380000, 0x00000000d5580000)
  object space 216576K, 99% used [0x0000000080000000,0x000000008d325ba8,0x000000008d380000)
 Metaspace       used 67567K, committed 69248K, reserved 1114112K
  class space    used 7048K, committed 7808K, reserved 1048576K
}
Event: 24.829 GC heap before
{Heap before GC invocations=109 (full 3):
 PSYoungGen      total 7168K, used 6979K [0x00000000d5580000, 0x00000000d6080000, 0x0000000100000000)
  eden space 5120K, 100% used [0x00000000d5580000,0x00000000d5a80000,0x00000000d5a80000)
  from space 2048K, 90% used [0x00000000d5b00000,0x00000000d5cd0f90,0x00000000d5d00000)
  to   space 3072K, 0% used [0x00000000d5d80000,0x00000000d5d80000,0x00000000d6080000)
 ParOldGen       total 216576K, used 216214K [0x0000000080000000, 0x000000008d380000, 0x00000000d5580000)
  object space 216576K, 99% used [0x0000000080000000,0x000000008d325ba8,0x000000008d380000)
 Metaspace       used 67583K, committed 69248K, reserved 1114112K
  class space    used 7048K, committed 7808K, reserved 1048576K
}
Event: 24.831 GC heap after
{Heap after GC invocations=109 (full 3):
 PSYoungGen      total 6144K, used 576K [0x00000000d5580000, 0x00000000d5e80000, 0x0000000100000000)
  eden space 5120K, 0% used [0x00000000d5580000,0x00000000d5580000,0x00000000d5a80000)
  from space 1024K, 56% used [0x00000000d5d80000,0x00000000d5e10000,0x00000000d5e80000)
  to   space 1536K, 0% used [0x00000000d5b80000,0x00000000d5b80000,0x00000000d5d00000)
 ParOldGen       total 218112K, used 217945K [0x0000000080000000, 0x000000008d500000, 0x00000000d5580000)
  object space 218112K, 99% used [0x0000000080000000,0x000000008d4d6428,0x000000008d500000)
 Metaspace       used 67583K, committed 69248K, reserved 1114112K
  class space    used 7048K, committed 7808K, reserved 1048576K
}
Event: 24.883 GC heap before
{Heap before GC invocations=110 (full 3):
 PSYoungGen      total 6144K, used 5696K [0x00000000d5580000, 0x00000000d5e80000, 0x0000000100000000)
  eden space 5120K, 100% used [0x00000000d5580000,0x00000000d5a80000,0x00000000d5a80000)
  from space 1024K, 56% used [0x00000000d5d80000,0x00000000d5e10000,0x00000000d5e80000)
  to   space 1536K, 0% used [0x00000000d5b80000,0x00000000d5b80000,0x00000000d5d00000)
 ParOldGen       total 218112K, used 217945K [0x0000000080000000, 0x000000008d500000, 0x00000000d5580000)
  object space 218112K, 99% used [0x0000000080000000,0x000000008d4d6428,0x000000008d500000)
 Metaspace       used 67630K, committed 69312K, reserved 1114112K
  class space    used 7048K, committed 7808K, reserved 1048576K
}
Event: 24.885 GC heap after
{Heap after GC invocations=110 (full 3):
 PSYoungGen      total 6656K, used 768K [0x00000000d5580000, 0x00000000d5e00000, 0x0000000100000000)
  eden space 5120K, 0% used [0x00000000d5580000,0x00000000d5580000,0x00000000d5a80000)
  from space 1536K, 50% used [0x00000000d5b80000,0x00000000d5c40020,0x00000000d5d00000)
  to   space 1024K, 0% used [0x00000000d5d00000,0x00000000d5d00000,0x00000000d5e00000)
 ParOldGen       total 218624K, used 218429K [0x0000000080000000, 0x000000008d580000, 0x00000000d5580000)
  object space 218624K, 99% used [0x0000000080000000,0x000000008d54f438,0x000000008d580000)
 Metaspace       used 67630K, committed 69312K, reserved 1114112K
  class space    used 7048K, committed 7808K, reserved 1048576K
}
Event: 24.905 GC heap before
{Heap before GC invocations=111 (full 3):
 PSYoungGen      total 6656K, used 5888K [0x00000000d5580000, 0x00000000d5e00000, 0x0000000100000000)
  eden space 5120K, 100% used [0x00000000d5580000,0x00000000d5a80000,0x00000000d5a80000)
  from space 1536K, 50% used [0x00000000d5b80000,0x00000000d5c40020,0x00000000d5d00000)
  to   space 1024K, 0% used [0x00000000d5d00000,0x00000000d5d00000,0x00000000d5e00000)
 ParOldGen       total 218624K, used 218429K [0x0000000080000000, 0x000000008d580000, 0x00000000d5580000)
  object space 218624K, 99% used [0x0000000080000000,0x000000008d54f438,0x000000008d580000)
 Metaspace       used 67632K, committed 69312K, reserved 1114112K
  class space    used 7048K, committed 7808K, reserved 1048576K
}
Event: 24.907 GC heap after
{Heap after GC invocations=111 (full 3):
 PSYoungGen      total 5632K, used 992K [0x00000000d5580000, 0x00000000d6080000, 0x0000000100000000)
  eden space 4608K, 0% used [0x00000000d5580000,0x00000000d5580000,0x00000000d5a00000)
  from space 1024K, 96% used [0x00000000d5d00000,0x00000000d5df8010,0x00000000d5e00000)
  to   space 3072K, 0% used [0x00000000d5a00000,0x00000000d5a00000,0x00000000d5d00000)
 ParOldGen       total 220160K, used 219740K [0x0000000080000000, 0x000000008d700000, 0x00000000d5580000)
  object space 220160K, 99% used [0x0000000080000000,0x000000008d697228,0x000000008d700000)
 Metaspace       used 67632K, committed 69312K, reserved 1114112K
  class space    used 7048K, committed 7808K, reserved 1048576K
}
Event: 24.921 GC heap before
{Heap before GC invocations=112 (full 3):
 PSYoungGen      total 5632K, used 5600K [0x00000000d5580000, 0x00000000d6080000, 0x0000000100000000)
  eden space 4608K, 100% used [0x00000000d5580000,0x00000000d5a00000,0x00000000d5a00000)
  from space 1024K, 96% used [0x00000000d5d00000,0x00000000d5df8010,0x00000000d5e00000)
  to   space 3072K, 0% used [0x00000000d5a00000,0x00000000d5a00000,0x00000000d5d00000)
 ParOldGen       total 220160K, used 219740K [0x0000000080000000, 0x000000008d700000, 0x00000000d5580000)
  object space 220160K, 99% used [0x0000000080000000,0x000000008d697228,0x000000008d700000)
 Metaspace       used 67641K, committed 69312K, reserved 1114112K
  class space    used 7048K, committed 7808K, reserved 1048576K
}
Event: 24.923 GC heap after
{Heap after GC invocations=112 (full 3):
 PSYoungGen      total 6144K, used 1312K [0x00000000d5580000, 0x00000000d5e00000, 0x0000000100000000)
  eden space 4608K, 0% used [0x00000000d5580000,0x00000000d5580000,0x00000000d5a00000)
  from space 1536K, 85% used [0x00000000d5a00000,0x00000000d5b48000,0x00000000d5b80000)
  to   space 2048K, 0% used [0x00000000d5c00000,0x00000000d5c00000,0x00000000d5e00000)
 ParOldGen       total 221184K, used 220753K [0x0000000080000000, 0x000000008d800000, 0x00000000d5580000)
  object space 221184K, 99% used [0x0000000080000000,0x000000008d794648,0x000000008d800000)
 Metaspace       used 67641K, committed 69312K, reserved 1114112K
  class space    used 7048K, committed 7808K, reserved 1048576K
}
Event: 24.986 GC heap before
{Heap before GC invocations=113 (full 3):
 PSYoungGen      total 6144K, used 5920K [0x00000000d5580000, 0x00000000d5e00000, 0x0000000100000000)
  eden space 4608K, 100% used [0x00000000d5580000,0x00000000d5a00000,0x00000000d5a00000)
  from space 1536K, 85% used [0x00000000d5a00000,0x00000000d5b48000,0x00000000d5b80000)
  to   space 2048K, 0% used [0x00000000d5c00000,0x00000000d5c00000,0x00000000d5e00000)
 ParOldGen       total 221184K, used 220753K [0x0000000080000000, 0x000000008d800000, 0x00000000d5580000)
  object space 221184K, 99% used [0x0000000080000000,0x000000008d794648,0x000000008d800000)
 Metaspace       used 67664K, committed 69312K, reserved 1114112K
  class space    used 7049K, committed 7808K, reserved 1048576K
}
Event: 24.987 GC heap after
{Heap after GC invocations=113 (full 3):
 PSYoungGen      total 5632K, used 544K [0x00000000d5580000, 0x00000000d5d00000, 0x0000000100000000)
  eden space 4608K, 0% used [0x00000000d5580000,0x00000000d5580000,0x00000000d5a00000)
  from space 1024K, 53% used [0x00000000d5c00000,0x00000000d5c88000,0x00000000d5d00000)
  to   space 1024K, 0% used [0x00000000d5b00000,0x00000000d5b00000,0x00000000d5c00000)
 ParOldGen       total 222208K, used 221945K [0x0000000080000000, 0x000000008d900000, 0x00000000d5580000)
  object space 222208K, 99% used [0x0000000080000000,0x000000008d8be688,0x000000008d900000)
 Metaspace       used 67664K, committed 69312K, reserved 1114112K
  class space    used 7049K, committed 7808K, reserved 1048576K
}
Event: 25.026 GC heap before
{Heap before GC invocations=114 (full 3):
 PSYoungGen      total 5632K, used 5152K [0x00000000d5580000, 0x00000000d5d00000, 0x0000000100000000)
  eden space 4608K, 100% used [0x00000000d5580000,0x00000000d5a00000,0x00000000d5a00000)
  from space 1024K, 53% used [0x00000000d5c00000,0x00000000d5c88000,0x00000000d5d00000)
  to   space 1024K, 0% used [0x00000000d5b00000,0x00000000d5b00000,0x00000000d5c00000)
 ParOldGen       total 222208K, used 221945K [0x0000000080000000, 0x000000008d900000, 0x00000000d5580000)
  object space 222208K, 99% used [0x0000000080000000,0x000000008d8be688,0x000000008d900000)
 Metaspace       used 67698K, committed 69376K, reserved 1114112K
  class space    used 7049K, committed 7808K, reserved 1048576K
}
Event: 25.028 GC heap after
{Heap after GC invocations=114 (full 3):
 PSYoungGen      total 5632K, used 768K [0x00000000d5580000, 0x00000000d5c80000, 0x0000000100000000)
  eden space 4608K, 0% used [0x00000000d5580000,0x00000000d5580000,0x00000000d5a00000)
  from space 1024K, 75% used [0x00000000d5b00000,0x00000000d5bc0020,0x00000000d5c00000)
  to   space 512K, 0% used [0x00000000d5c00000,0x00000000d5c00000,0x00000000d5c80000)
 ParOldGen       total 222720K, used 222380K [0x0000000080000000, 0x000000008d980000, 0x00000000d5580000)
  object space 222720K, 99% used [0x0000000080000000,0x000000008d92b0b8,0x000000008d980000)
 Metaspace       used 67698K, committed 69376K, reserved 1114112K
  class space    used 7049K, committed 7808K, reserved 1048576K
}
Event: 25.194 GC heap before
{Heap before GC invocations=115 (full 3):
 PSYoungGen      total 5632K, used 5376K [0x00000000d5580000, 0x00000000d5c80000, 0x0000000100000000)
  eden space 4608K, 100% used [0x00000000d5580000,0x00000000d5a00000,0x00000000d5a00000)
  from space 1024K, 75% used [0x00000000d5b00000,0x00000000d5bc0020,0x00000000d5c00000)
  to   space 512K, 0% used [0x00000000d5c00000,0x00000000d5c00000,0x00000000d5c80000)
 ParOldGen       total 222720K, used 222380K [0x0000000080000000, 0x000000008d980000, 0x00000000d5580000)
  object space 222720K, 99% used [0x0000000080000000,0x000000008d92b0b8,0x000000008d980000)
 Metaspace       used 67721K, committed 69376K, reserved 1114112K
  class space    used 7049K, committed 7808K, reserved 1048576K
}
Event: 25.196 GC heap after
{Heap after GC invocations=115 (full 3):
 PSYoungGen      total 4608K, used 492K [0x00000000d5580000, 0x00000000d5f00000, 0x0000000100000000)
  eden space 4096K, 0% used [0x00000000d5580000,0x00000000d5580000,0x00000000d5980000)
  from space 512K, 96% used [0x00000000d5c00000,0x00000000d5c7b398,0x00000000d5c80000)
  to   space 2560K, 0% used [0x00000000d5980000,0x00000000d5980000,0x00000000d5c00000)
 ParOldGen       total 224256K, used 224020K [0x0000000080000000, 0x000000008db00000, 0x00000000d5580000)
  object space 224256K, 99% used [0x0000000080000000,0x000000008dac5108,0x000000008db00000)
 Metaspace       used 67721K, committed 69376K, reserved 1114112K
  class space    used 7049K, committed 7808K, reserved 1048576K
}
Event: 25.209 GC heap before
{Heap before GC invocations=116 (full 3):
 PSYoungGen      total 4608K, used 4588K [0x00000000d5580000, 0x00000000d5f00000, 0x0000000100000000)
  eden space 4096K, 100% used [0x00000000d5580000,0x00000000d5980000,0x00000000d5980000)
  from space 512K, 96% used [0x00000000d5c00000,0x00000000d5c7b398,0x00000000d5c80000)
  to   space 2560K, 0% used [0x00000000d5980000,0x00000000d5980000,0x00000000d5c00000)
 ParOldGen       total 224256K, used 224020K [0x0000000080000000, 0x000000008db00000, 0x00000000d5580000)
  object space 224256K, 99% used [0x0000000080000000,0x000000008dac5108,0x000000008db00000)
 Metaspace       used 67721K, committed 69376K, reserved 1114112K
  class space    used 7049K, committed 7808K, reserved 1048576K
}
Event: 25.212 GC heap after
{Heap after GC invocations=116 (full 3):
 PSYoungGen      total 6144K, used 1824K [0x00000000d5580000, 0x00000000d5d80000, 0x0000000100000000)
  eden space 4096K, 0% used [0x00000000d5580000,0x00000000d5580000,0x00000000d5980000)
  from space 2048K, 89% used [0x00000000d5980000,0x00000000d5b48010,0x00000000d5b80000)
  to   space 2048K, 0% used [0x00000000d5b80000,0x00000000d5b80000,0x00000000d5d80000)
 ParOldGen       total 224768K, used 224513K [0x0000000080000000, 0x000000008db80000, 0x00000000d5580000)
  object space 224768K, 99% used [0x0000000080000000,0x000000008db404a0,0x000000008db80000)
 Metaspace       used 67721K, committed 69376K, reserved 1114112K
  class space    used 7049K, committed 7808K, reserved 1048576K
}

Dll operation events (10 events):
Event: 0.007 Loaded shared library c:\Users\Mehme\.antigravity\extensions\redhat.java-1.52.0-win32-x64\jre\21.0.9-win32-x86_64\bin\java.dll
Event: 0.030 Loaded shared library c:\Users\Mehme\.antigravity\extensions\redhat.java-1.52.0-win32-x64\jre\21.0.9-win32-x86_64\bin\zip.dll
Event: 0.073 Loaded shared library C:\Users\Mehme\.antigravity\extensions\redhat.java-1.52.0-win32-x64\jre\21.0.9-win32-x86_64\bin\instrument.dll
Event: 0.077 Loaded shared library C:\Users\Mehme\.antigravity\extensions\redhat.java-1.52.0-win32-x64\jre\21.0.9-win32-x86_64\bin\net.dll
Event: 0.079 Loaded shared library C:\Users\Mehme\.antigravity\extensions\redhat.java-1.52.0-win32-x64\jre\21.0.9-win32-x86_64\bin\nio.dll
Event: 0.082 Loaded shared library C:\Users\Mehme\.antigravity\extensions\redhat.java-1.52.0-win32-x64\jre\21.0.9-win32-x86_64\bin\zip.dll
Event: 0.094 Loaded shared library C:\Users\Mehme\.antigravity\extensions\redhat.java-1.52.0-win32-x64\jre\21.0.9-win32-x86_64\bin\jimage.dll
Event: 0.155 Loaded shared library c:\Users\Mehme\.antigravity\extensions\redhat.java-1.52.0-win32-x64\jre\21.0.9-win32-x86_64\bin\verify.dll
Event: 1.208 Loaded shared library C:\Users\Mehme\AppData\Roaming\Antigravity\User\globalStorage\redhat.java\1.52.0\config_win\org.eclipse.equinox.launcher\org.eclipse.equinox.launcher.win32.win32.x86_64_1.2.1500.v20260121-1430\eclipse_11919.dll
Event: 3.054 Loaded shared library C:\Users\Mehme\AppData\Local\Temp\jna-74223432\jna7157382944570459694.dll

Deoptimization events (20 events):
Event: 24.790 Thread 0x000002220631ce70 DEOPT PACKING pc=0x00000221b39c66fc sp=0x00000023d5dfc700
Event: 24.790 Thread 0x000002220631ce70 DEOPT UNPACKING pc=0x00000221b2a03aa2 sp=0x00000023d5dfc438 mode 2
Event: 24.790 Thread 0x000002220631ce70 Uncommon trap: trap_request=0xffffffd6 fr.pc=0x00000221b39c66fc relative=0x000000000000a2bc
Event: 24.790 Thread 0x000002220631ce70 Uncommon trap: reason=array_check action=maybe_recompile pc=0x00000221b39c66fc method=org.eclipse.jdt.internal.compiler.lookup.UnresolvedReferenceBinding.addWrapper(Lorg/eclipse/jdt/internal/compiler/lookup/HotSwappable;Lorg/eclipse/jdt/internal/compiler/
Event: 24.790 Thread 0x000002220631ce70 DEOPT PACKING pc=0x00000221b39c66fc sp=0x00000023d5dfdf60
Event: 24.790 Thread 0x000002220631ce70 DEOPT UNPACKING pc=0x00000221b2a03aa2 sp=0x00000023d5dfdc98 mode 2
Event: 24.791 Thread 0x000002220631ce70 Uncommon trap: trap_request=0xffffffd6 fr.pc=0x00000221b39c66fc relative=0x000000000000a2bc
Event: 24.791 Thread 0x000002220631ce70 Uncommon trap: reason=array_check action=maybe_recompile pc=0x00000221b39c66fc method=org.eclipse.jdt.internal.compiler.lookup.UnresolvedReferenceBinding.addWrapper(Lorg/eclipse/jdt/internal/compiler/lookup/HotSwappable;Lorg/eclipse/jdt/internal/compiler/
Event: 24.791 Thread 0x000002220631ce70 DEOPT PACKING pc=0x00000221b39c66fc sp=0x00000023d5dfdf60
Event: 24.791 Thread 0x000002220631ce70 DEOPT UNPACKING pc=0x00000221b2a03aa2 sp=0x00000023d5dfdc98 mode 2
Event: 24.814 Thread 0x000002220631ce70 DEOPT PACKING pc=0x00000221acaeb39f sp=0x00000023d5dfc760
Event: 24.814 Thread 0x000002220631ce70 DEOPT UNPACKING pc=0x00000221b2a04242 sp=0x00000023d5dfbc78 mode 0
Event: 24.826 Thread 0x000002220631ce70 DEOPT PACKING pc=0x00000221acaeb39f sp=0x00000023d5dfcaa0
Event: 24.826 Thread 0x000002220631ce70 DEOPT UNPACKING pc=0x00000221b2a04242 sp=0x00000023d5dfbfb8 mode 0
Event: 24.828 Thread 0x000002220631ce70 DEOPT PACKING pc=0x00000221acaeb39f sp=0x00000023d5dfc760
Event: 24.828 Thread 0x000002220631ce70 DEOPT UNPACKING pc=0x00000221b2a04242 sp=0x00000023d5dfbc78 mode 0
Event: 24.918 Thread 0x000002220631ce70 DEOPT PACKING pc=0x00000221acbdcfb8 sp=0x00000023d5dfd690
Event: 24.918 Thread 0x000002220631ce70 DEOPT UNPACKING pc=0x00000221b2a04242 sp=0x00000023d5dfcb30 mode 0
Event: 25.099 Thread 0x000002220631ce70 DEOPT PACKING pc=0x00000221acb927eb sp=0x00000023d5dfea20
Event: 25.099 Thread 0x000002220631ce70 DEOPT UNPACKING pc=0x00000221b2a04242 sp=0x00000023d5dfdec0 mode 0

Classes loaded (20 events):
Event: 19.606 Loading class java/util/ImmutableCollections$SubList
Event: 19.606 Loading class java/util/ImmutableCollections$SubList done
Event: 19.627 Loading class java/util/zip/CheckedInputStream
Event: 19.628 Loading class java/util/zip/CheckedInputStream done
Event: 21.090 Loading class jdk/internal/module/IllegalAccessLogger
Event: 21.090 Loading class jdk/internal/module/IllegalAccessLogger done
Event: 21.113 Loading class java/util/concurrent/ArrayBlockingQueue
Event: 21.121 Loading class java/util/concurrent/ArrayBlockingQueue done
Event: 22.706 Loading class sun/nio/ch/ChannelOutputStream
Event: 22.706 Loading class sun/nio/ch/ChannelOutputStream done
Event: 22.842 Loading class java/util/stream/DistinctOps
Event: 22.843 Loading class java/util/stream/DistinctOps done
Event: 22.843 Loading class java/util/stream/DistinctOps$1
Event: 22.845 Loading class java/util/stream/DistinctOps$1 done
Event: 22.850 Loading class java/util/stream/DistinctOps$1$2
Event: 22.850 Loading class java/util/stream/DistinctOps$1$2 done
Event: 23.456 Loading class java/nio/BufferMismatch
Event: 23.457 Loading class java/nio/BufferMismatch done
Event: 23.457 Loading class java/nio/file/attribute/PosixFileAttributes
Event: 23.457 Loading class java/nio/file/attribute/PosixFileAttributes done

Classes unloaded (7 events):
Event: 3.686 Thread 0x00000221a81909e0 Unloading class 0x00000221c01a4800 'java/lang/invoke/LambdaForm$MH+0x00000221c01a4800'
Event: 3.686 Thread 0x00000221a81909e0 Unloading class 0x00000221c01a4400 'java/lang/invoke/LambdaForm$MH+0x00000221c01a4400'
Event: 3.686 Thread 0x00000221a81909e0 Unloading class 0x00000221c01a4000 'java/lang/invoke/LambdaForm$MH+0x00000221c01a4000'
Event: 3.686 Thread 0x00000221a81909e0 Unloading class 0x00000221c01a3c00 'java/lang/invoke/LambdaForm$MH+0x00000221c01a3c00'
Event: 3.686 Thread 0x00000221a81909e0 Unloading class 0x00000221c01a3800 'java/lang/invoke/LambdaForm$BMH+0x00000221c01a3800'
Event: 3.686 Thread 0x00000221a81909e0 Unloading class 0x00000221c01a3400 'java/lang/invoke/LambdaForm$DMH+0x00000221c01a3400'
Event: 3.686 Thread 0x00000221a81909e0 Unloading class 0x00000221c01a2400 'java/lang/invoke/LambdaForm$DMH+0x00000221c01a2400'

Classes redefined (0 events):
No events

Internal exceptions (20 events):
Event: 17.743 Thread 0x00000222089c59d0 Exception <a 'sun/nio/fs/WindowsException'{0x00000000d5be01d0}> (0x00000000d5be01d0) 
thrown [s\src\hotspot\share\prims\jni.cpp, line 520]
Event: 18.711 Thread 0x00000222060590b0 Exception <a 'java/lang/NoSuchMethodError'{0x00000000d5f178d0}: 'java.lang.Object java.lang.invoke.DirectMethodHandle$Holder.invokeStaticInit(java.lang.Object, java.lang.Object, java.lang.Object)'> (0x00000000d5f178d0) 
thrown [s\src\hotspot\share\interpreter\linkResolver.cpp, line 773]
Event: 18.873 Thread 0x00000222060590b0 Exception <a 'java/lang/IncompatibleClassChangeError'{0x00000000d56eb0c8}: Found class java.lang.Object, but interface was expected> (0x00000000d56eb0c8) 
thrown [s\src\hotspot\share\interpreter\linkResolver.cpp, line 840]
Event: 19.001 Thread 0x00000222060590b0 Implicit null exception at 0x00000221b3792404 to 0x00000221b37933e8
Event: 19.441 Thread 0x00000222089c7410 Exception <a 'sun/nio/fs/WindowsException'{0x00000000d5787e18}> (0x00000000d5787e18) 
thrown [s\src\hotspot\share\prims\jni.cpp, line 520]
Event: 19.441 Thread 0x00000222089c7410 Exception <a 'sun/nio/fs/WindowsException'{0x00000000d5788600}> (0x00000000d5788600) 
thrown [s\src\hotspot\share\prims\jni.cpp, line 520]
Event: 19.522 Thread 0x00000222089c7410 Exception <a 'java/io/FileNotFoundException'{0x00000000d5a6e7f8}> (0x00000000d5a6e7f8) 
thrown [s\src\hotspot\share\prims\jni.cpp, line 520]
Event: 19.523 Thread 0x00000222089c7410 Exception <a 'java/io/FileNotFoundException'{0x00000000d5a6fbb0}> (0x00000000d5a6fbb0) 
thrown [s\src\hotspot\share\prims\jni.cpp, line 520]
Event: 19.583 Thread 0x000002220631ada0 Exception <a 'java/io/FileNotFoundException'{0x00000000d5ca22c0}> (0x00000000d5ca22c0) 
thrown [s\src\hotspot\share\prims\jni.cpp, line 520]
Event: 19.583 Thread 0x000002220631ada0 Exception <a 'java/io/FileNotFoundException'{0x00000000d5ca5e78}> (0x00000000d5ca5e78) 
thrown [s\src\hotspot\share\prims\jni.cpp, line 520]
Event: 19.583 Thread 0x000002220631ada0 Exception <a 'java/io/FileNotFoundException'{0x00000000d5ca74d8}> (0x00000000d5ca74d8) 
thrown [s\src\hotspot\share\prims\jni.cpp, line 520]
Event: 22.851 Thread 0x000002220631ada0 Exception <a 'java/lang/NoSuchMethodError'{0x00000000d57c4030}: 'java.lang.Object java.lang.invoke.DirectMethodHandle$Holder.newInvokeSpecial(java.lang.Object, java.lang.Object, int, java.lang.Object, java.lang.Object)'> (0x00000000d57c4030) 
thrown [s\src\hotspot\share\interpreter\linkResolver.cpp, line 773]
Event: 22.857 Thread 0x000002220631ada0 Exception <a 'java/lang/NoSuchMethodError'{0x00000000d57dd650}: 'java.lang.Object java.lang.invoke.DirectMethodHandle$Holder.invokeSpecial(java.lang.Object, java.lang.Object, java.lang.Object, int, java.lang.Object, java.lang.Object, java.lang.Object)'> (0x00000000d57dd650) 
thrown [s\src\hotspot\share\interpreter\linkResolver.cpp, line 773]
Event: 22.869 Thread 0x000002220631ce70 Exception <a 'sun/nio/fs/WindowsException'{0x00000000d5648ea8}> (0x00000000d5648ea8) 
thrown [s\src\hotspot\share\prims\jni.cpp, line 520]
Event: 22.907 Thread 0x000002220631ada0 Exception <a 'java/lang/NoSuchMethodError'{0x00000000d5a1aeb0}: 'void java.lang.invoke.DirectMethodHandle$Holder.invokeStatic(java.lang.Object, int)'> (0x00000000d5a1aeb0) 
thrown [s\src\hotspot\share\interpreter\linkResolver.cpp, line 773]
Event: 23.035 Thread 0x000002220631ada0 Exception <a 'java/io/FileNotFoundException'{0x00000000d5630828}> (0x00000000d5630828) 
thrown [s\src\hotspot\share\prims\jni.cpp, line 520]
Event: 23.035 Thread 0x000002220631ada0 Exception <a 'java/io/FileNotFoundException'{0x00000000d5631fe0}> (0x00000000d5631fe0) 
thrown [s\src\hotspot\share\prims\jni.cpp, line 520]
Event: 23.035 Thread 0x000002220631ada0 Exception <a 'java/io/FileNotFoundException'{0x00000000d5633358}> (0x00000000d5633358) 
thrown [s\src\hotspot\share\prims\jni.cpp, line 520]
Event: 23.060 Thread 0x000002220631ada0 Implicit null exception at 0x00000221b357b415 to 0x00000221b357ba24
Event: 23.842 Thread 0x000002220631ce70 Implicit null exception at 0x00000221b397a296 to 0x00000221b3983438

ZGC Phase Switch (0 events):
No events

VM Operations (20 events):
Event: 24.480 Executing VM operation: ParallelGCFailedAllocation (Allocation Failure)
Event: 24.483 Executing VM operation: ParallelGCFailedAllocation (Allocation Failure) done
Event: 24.799 Executing VM operation: ParallelGCFailedAllocation (Allocation Failure)
Event: 24.803 Executing VM operation: ParallelGCFailedAllocation (Allocation Failure) done
Event: 24.829 Executing VM operation: ParallelGCFailedAllocation (Allocation Failure)
Event: 24.831 Executing VM operation: ParallelGCFailedAllocation (Allocation Failure) done
Event: 24.883 Executing VM operation: ParallelGCFailedAllocation (Allocation Failure)
Event: 24.885 Executing VM operation: ParallelGCFailedAllocation (Allocation Failure) done
Event: 24.905 Executing VM operation: ParallelGCFailedAllocation (Allocation Failure)
Event: 24.907 Executing VM operation: ParallelGCFailedAllocation (Allocation Failure) done
Event: 24.921 Executing VM operation: ParallelGCFailedAllocation (Allocation Failure)
Event: 24.923 Executing VM operation: ParallelGCFailedAllocation (Allocation Failure) done
Event: 24.986 Executing VM operation: ParallelGCFailedAllocation (Allocation Failure)
Event: 24.987 Executing VM operation: ParallelGCFailedAllocation (Allocation Failure) done
Event: 25.026 Executing VM operation: ParallelGCFailedAllocation (Allocation Failure)
Event: 25.028 Executing VM operation: ParallelGCFailedAllocation (Allocation Failure) done
Event: 25.193 Executing VM operation: ParallelGCFailedAllocation (Allocation Failure)
Event: 25.196 Executing VM operation: ParallelGCFailedAllocation (Allocation Failure) done
Event: 25.209 Executing VM operation: ParallelGCFailedAllocation (Allocation Failure)
Event: 25.212 Executing VM operation: ParallelGCFailedAllocation (Allocation Failure) done

Memory protections (0 events):
No events

Nmethod flushes (20 events):
Event: 15.111 Thread 0x00000221a81909e0 flushing  nmethod 0x00000221abd79c10
Event: 15.111 Thread 0x00000221a81909e0 flushing  nmethod 0x00000221abd7a490
Event: 15.111 Thread 0x00000221a81909e0 flushing  nmethod 0x00000221abd7ab90
Event: 15.111 Thread 0x00000221a81909e0 flushing  nmethod 0x00000221abd7c990
Event: 15.111 Thread 0x00000221a81909e0 flushing  nmethod 0x00000221abd88f90
Event: 15.111 Thread 0x00000221a81909e0 flushing  nmethod 0x00000221abd91290
Event: 15.111 Thread 0x00000221a81909e0 flushing  nmethod 0x00000221abd91790
Event: 15.111 Thread 0x00000221a81909e0 flushing osr nmethod 0x00000221abdc7790
Event: 15.111 Thread 0x00000221a81909e0 flushing  nmethod 0x00000221abde3810
Event: 15.111 Thread 0x00000221a81909e0 flushing osr nmethod 0x00000221abde6d10
Event: 15.111 Thread 0x00000221a81909e0 flushing  nmethod 0x00000221abdf8e90
Event: 15.111 Thread 0x00000221a81909e0 flushing  nmethod 0x00000221abdfa990
Event: 15.111 Thread 0x00000221a81909e0 flushing  nmethod 0x00000221abdfc290
Event: 15.111 Thread 0x00000221a81909e0 flushing  nmethod 0x00000221abdfea10
Event: 15.111 Thread 0x00000221a81909e0 flushing  nmethod 0x00000221abdff410
Event: 15.111 Thread 0x00000221a81909e0 flushing  nmethod 0x00000221abe0cc10
Event: 15.111 Thread 0x00000221a81909e0 flushing  nmethod 0x00000221abe17f10
Event: 15.111 Thread 0x00000221a81909e0 flushing  nmethod 0x00000221abe4c090
Event: 15.111 Thread 0x00000221a81909e0 flushing  nmethod 0x00000221abe53510
Event: 15.111 Thread 0x00000221a81909e0 flushing  nmethod 0x00000221abe54090

Events (20 events):
Event: 16.449 Thread 0x00000222089c59d0 Thread added: 0x00000222060590b0
Event: 19.818 Thread 0x000002220631ada0 Thread added: 0x0000022206057d00
Event: 19.819 Thread 0x000002220631ada0 Thread added: 0x00000222060562c0
Event: 19.819 Thread 0x000002220631ada0 Thread added: 0x0000022206056950
Event: 19.819 Thread 0x000002220631ada0 Thread added: 0x0000022206058390
Event: 21.087 Thread 0x0000022206a20bd0 Thread exited: 0x0000022206a20bd0
Event: 21.122 Thread 0x000002220631ada0 Thread added: 0x0000022206059740
Event: 21.250 Thread 0x00000221a81e4920 Thread added: 0x00000222090b3820
Event: 23.063 Thread 0x000002220631ada0 Thread added: 0x0000022206059dd0
Event: 23.063 Thread 0x000002220631ada0 Thread added: 0x000002220605a460
Event: 23.063 Thread 0x000002220631ada0 Thread added: 0x0000022206056fe0
Event: 23.063 Thread 0x000002220631ada0 Thread added: 0x000002220605aaf0
Event: 23.063 Thread 0x000002220631ada0 Thread added: 0x000002220605d8e0
Event: 23.155 Thread 0x000002220605a460 Thread exited: 0x000002220605a460
Event: 23.155 Thread 0x000002220605d8e0 Thread exited: 0x000002220605d8e0
Event: 23.155 Thread 0x0000022206059dd0 Thread exited: 0x0000022206059dd0
Event: 23.158 Thread 0x000002220605aaf0 Thread exited: 0x000002220605aaf0
Event: 23.158 Thread 0x0000022206056fe0 Thread exited: 0x0000022206056fe0
Event: 24.348 Thread 0x00000222090b3820 Thread exited: 0x00000222090b3820
Event: 24.392 Thread 0x00000221a81e4920 Thread added: 0x00000222090b0870


Dynamic libraries:
0x00007ff60f7b0000 - 0x00007ff60f7be000 	c:\Users\Mehme\.antigravity\extensions\redhat.java-1.52.0-win32-x64\jre\21.0.9-win32-x86_64\bin\java.exe
0x00007fff7c9a0000 - 0x00007fff7cc07000 	C:\WINDOWS\SYSTEM32\ntdll.dll
0x00007fff7c7d0000 - 0x00007fff7c899000 	C:\WINDOWS\System32\KERNEL32.DLL
0x00007fff79e50000 - 0x00007fff7a241000 	C:\WINDOWS\System32\KERNELBASE.dll
0x00007fff7a3c0000 - 0x00007fff7a50b000 	C:\WINDOWS\System32\ucrtbase.dll
0x00007fff744d0000 - 0x00007fff744e8000 	c:\Users\Mehme\.antigravity\extensions\redhat.java-1.52.0-win32-x64\jre\21.0.9-win32-x86_64\bin\jli.dll
0x00007fff7bb50000 - 0x00007fff7bd15000 	C:\WINDOWS\System32\USER32.dll
0x00007fff79280000 - 0x00007fff792a7000 	C:\WINDOWS\System32\win32u.dll
0x00007fff7b9a0000 - 0x00007fff7b9cb000 	C:\WINDOWS\System32\GDI32.dll
0x00007fff79d20000 - 0x00007fff79e4b000 	C:\WINDOWS\System32\gdi32full.dll
0x00007fff792b0000 - 0x00007fff79353000 	C:\WINDOWS\System32\msvcp_win.dll
0x00007fff73bb0000 - 0x00007fff73bce000 	c:\Users\Mehme\.antigravity\extensions\redhat.java-1.52.0-win32-x64\jre\21.0.9-win32-x86_64\bin\VCRUNTIME140.dll
0x00007fff60730000 - 0x00007fff609c3000 	C:\WINDOWS\WinSxS\amd64_microsoft.windows.common-controls_6595b64144ccf1df_6.0.26100.8037_none_3e092faae333b53b\COMCTL32.dll
0x00007fff7c8b0000 - 0x00007fff7c959000 	C:\WINDOWS\System32\msvcrt.dll
0x00007fff7c790000 - 0x00007fff7c7c1000 	C:\WINDOWS\System32\IMM32.DLL
0x00007fff73ba0000 - 0x00007fff73bac000 	c:\Users\Mehme\.antigravity\extensions\redhat.java-1.52.0-win32-x64\jre\21.0.9-win32-x86_64\bin\vcruntime140_1.dll
0x00007fff576b0000 - 0x00007fff5773d000 	c:\Users\Mehme\.antigravity\extensions\redhat.java-1.52.0-win32-x64\jre\21.0.9-win32-x86_64\bin\msvcp140.dll
0x00007ffebd970000 - 0x00007ffebe710000 	c:\Users\Mehme\.antigravity\extensions\redhat.java-1.52.0-win32-x64\jre\21.0.9-win32-x86_64\bin\server\jvm.dll
0x00007fff7a740000 - 0x00007fff7a7fb000 	C:\WINDOWS\System32\ADVAPI32.dll
0x00007fff7c5f0000 - 0x00007fff7c697000 	C:\WINDOWS\System32\sechost.dll
0x00007fff7c130000 - 0x00007fff7c248000 	C:\WINDOWS\System32\RPCRT4.dll
0x00007fff7c710000 - 0x00007fff7c784000 	C:\WINDOWS\System32\WS2_32.dll
0x00007fff78f30000 - 0x00007fff78f8e000 	C:\WINDOWS\SYSTEM32\POWRPROF.dll
0x00007fff6a350000 - 0x00007fff6a385000 	C:\WINDOWS\SYSTEM32\WINMM.dll
0x00007fff72a00000 - 0x00007fff72a0b000 	C:\WINDOWS\SYSTEM32\VERSION.dll
0x00007fff78f10000 - 0x00007fff78f24000 	C:\WINDOWS\SYSTEM32\UMPDC.dll
0x00007fff77fd0000 - 0x00007fff77feb000 	C:\WINDOWS\SYSTEM32\kernel.appcore.dll
0x00007fff5da60000 - 0x00007fff5da6a000 	c:\Users\Mehme\.antigravity\extensions\redhat.java-1.52.0-win32-x64\jre\21.0.9-win32-x86_64\bin\jimage.dll
0x00007fff770b0000 - 0x00007fff772f2000 	C:\WINDOWS\SYSTEM32\DBGHELP.DLL
0x00007fff7c260000 - 0x00007fff7c5e2000 	C:\WINDOWS\System32\combase.dll
0x00007fff7b430000 - 0x00007fff7b507000 	C:\WINDOWS\System32\OLEAUT32.dll
0x00007fff567a0000 - 0x00007fff567db000 	C:\WINDOWS\SYSTEM32\dbgcore.DLL
0x00007fff7a510000 - 0x00007fff7a5b5000 	C:\WINDOWS\System32\bcryptPrimitives.dll
0x00007fff5cc90000 - 0x00007fff5cc9f000 	c:\Users\Mehme\.antigravity\extensions\redhat.java-1.52.0-win32-x64\jre\21.0.9-win32-x86_64\bin\instrument.dll
0x00007fff57690000 - 0x00007fff576b0000 	c:\Users\Mehme\.antigravity\extensions\redhat.java-1.52.0-win32-x64\jre\21.0.9-win32-x86_64\bin\java.dll
0x00007fff7a8c0000 - 0x00007fff7b01f000 	C:\WINDOWS\System32\SHELL32.dll
0x00007fff7a250000 - 0x00007fff7a3ba000 	C:\WINDOWS\System32\wintypes.dll
0x00007fff793f0000 - 0x00007fff79c54000 	C:\WINDOWS\System32\windows.storage.dll
0x00007fff7b9d0000 - 0x00007fff7bac7000 	C:\WINDOWS\System32\SHCORE.dll
0x00007fff7c6a0000 - 0x00007fff7c707000 	C:\WINDOWS\System32\shlwapi.dll
0x00007fff791a0000 - 0x00007fff791c9000 	C:\WINDOWS\SYSTEM32\profapi.dll
0x00007fff57670000 - 0x00007fff57688000 	c:\Users\Mehme\.antigravity\extensions\redhat.java-1.52.0-win32-x64\jre\21.0.9-win32-x86_64\bin\zip.dll
0x00007fff575f0000 - 0x00007fff57600000 	C:\Users\Mehme\.antigravity\extensions\redhat.java-1.52.0-win32-x64\jre\21.0.9-win32-x86_64\bin\net.dll
0x00007fff73530000 - 0x00007fff73657000 	C:\WINDOWS\SYSTEM32\WINHTTP.dll
0x00007fff78540000 - 0x00007fff785ab000 	C:\WINDOWS\system32\mswsock.dll
0x00007fff532e0000 - 0x00007fff532f6000 	C:\Users\Mehme\.antigravity\extensions\redhat.java-1.52.0-win32-x64\jre\21.0.9-win32-x86_64\bin\nio.dll
0x00007fff56920000 - 0x00007fff56930000 	c:\Users\Mehme\.antigravity\extensions\redhat.java-1.52.0-win32-x64\jre\21.0.9-win32-x86_64\bin\verify.dll
0x00007fff125c0000 - 0x00007fff12605000 	C:\Users\Mehme\AppData\Roaming\Antigravity\User\globalStorage\redhat.java\1.52.0\config_win\org.eclipse.equinox.launcher\org.eclipse.equinox.launcher.win32.win32.x86_64_1.2.1500.v20260121-1430\eclipse_11919.dll
0x00007fff7be30000 - 0x00007fff7bfc5000 	C:\WINDOWS\System32\ole32.dll
0x00007fff78860000 - 0x00007fff7887b000 	C:\WINDOWS\SYSTEM32\CRYPTSP.dll
0x00007fff77f30000 - 0x00007fff77f69000 	C:\WINDOWS\system32\rsaenh.dll
0x00007fff78610000 - 0x00007fff78642000 	C:\WINDOWS\SYSTEM32\USERENV.dll
0x00007fff79170000 - 0x00007fff7919a000 	C:\WINDOWS\SYSTEM32\bcrypt.dll
0x00007fff78880000 - 0x00007fff7888c000 	C:\WINDOWS\SYSTEM32\CRYPTBASE.dll
0x00007fff778e0000 - 0x00007fff77913000 	C:\WINDOWS\SYSTEM32\IPHLPAPI.DLL
0x00007fff7be20000 - 0x00007fff7be2a000 	C:\WINDOWS\System32\NSI.dll
0x00007ffeffa90000 - 0x00007ffeffad9000 	C:\Users\Mehme\AppData\Local\Temp\jna-74223432\jna7157382944570459694.dll
0x00007fff7bb40000 - 0x00007fff7bb48000 	C:\WINDOWS\System32\PSAPI.DLL
0x00007fff734a0000 - 0x00007fff734bd000 	C:\WINDOWS\SYSTEM32\dhcpcsvc6.DLL
0x00007fff73470000 - 0x00007fff73493000 	C:\WINDOWS\SYSTEM32\dhcpcsvc.DLL

JVMTI agents:
c:\Users\Mehme\.antigravity\extensions\redhat.java-1.52.0-win32-x64\lombok\lombok-1.18.39-4050.jar path:c:\Users\Mehme\.antigravity\extensions\redhat.java-1.52.0-win32-x64\jre\21.0.9-win32-x86_64\bin\instrument.dll, loaded, initialized, instrumentlib options:none

dbghelp: loaded successfully - version: 4.0.5 - missing functions: none
symbol engine: initialized successfully - sym options: 0x614 - pdb path: .;c:\Users\Mehme\.antigravity\extensions\redhat.java-1.52.0-win32-x64\jre\21.0.9-win32-x86_64\bin;C:\WINDOWS\SYSTEM32;C:\WINDOWS\WinSxS\amd64_microsoft.windows.common-controls_6595b64144ccf1df_6.0.26100.8037_none_3e092faae333b53b;c:\Users\Mehme\.antigravity\extensions\redhat.java-1.52.0-win32-x64\jre\21.0.9-win32-x86_64\bin\server;C:\Users\Mehme\AppData\Roaming\Antigravity\User\globalStorage\redhat.java\1.52.0\config_win\org.eclipse.equinox.launcher\org.eclipse.equinox.launcher.win32.win32.x86_64_1.2.1500.v20260121-1430;C:\Users\Mehme\AppData\Local\Temp\jna-74223432

VM Arguments:
jvm_args: --add-modules=ALL-SYSTEM --add-opens=java.base/java.util=ALL-UNNAMED --add-opens=java.base/java.lang=ALL-UNNAMED --add-opens=java.base/sun.nio.fs=ALL-UNNAMED -Declipse.application=org.eclipse.jdt.ls.core.id1 -Dosgi.bundles.defaultStartLevel=4 -Declipse.product=org.eclipse.jdt.ls.core.product -Djava.import.generatesMetadataFilesAtProjectRoot=false -DDetectVMInstallationsJob.disabled=true -Dfile.encoding=utf8 -XX:+UseParallelGC -XX:GCTimeRatio=4 -XX:AdaptiveSizePolicyWeight=90 -Dsun.zip.disableMemoryMapping=true -Xmx2G -Xms100m -Xlog:disable -javaagent:c:\Users\Mehme\.antigravity\extensions\redhat.java-1.52.0-win32-x64\lombok\lombok-1.18.39-4050.jar -XX:+HeapDumpOnOutOfMemoryError -XX:HeapDumpPath=c:\Users\Mehme\AppData\Roaming\Antigravity\User\workspaceStorage\834461939916f63032647d8448ab6216\redhat.java -Daether.dependencyCollector.impl=bf 
java_command: c:\Users\Mehme\.antigravity\extensions\redhat.java-1.52.0-win32-x64\server\plugins\org.eclipse.equinox.launcher_1.7.100.v20251111-0406.jar -configuration c:\Users\Mehme\AppData\Roaming\Antigravity\User\globalStorage\redhat.java\1.52.0\config_win -data c:\Users\Mehme\AppData\Roaming\Antigravity\User\workspaceStorage\834461939916f63032647d8448ab6216\redhat.java\jdt_ws --pipe=\\.\pipe\lsp-99b47f682be1d7caecb7859d3b196f5d-sock
java_class_path (initial): c:\Users\Mehme\.antigravity\extensions\redhat.java-1.52.0-win32-x64\server\plugins\org.eclipse.equinox.launcher_1.7.100.v20251111-0406.jar
Launcher Type: SUN_STANDARD

[Global flags]
    uintx AdaptiveSizePolicyWeight                 = 90                                        {product} {command line}
     intx CICompilerCount                          = 3                                         {product} {ergonomic}
    uintx GCTimeRatio                              = 4                                         {product} {command line}
     bool HeapDumpOnOutOfMemoryError               = true                                   {manageable} {command line}
    ccstr HeapDumpPath                             = c:\Users\Mehme\AppData\Roaming\Antigravity\User\workspaceStorage\834461939916f63032647d8448ab6216\redhat.java         {manageable} {command line}
   size_t InitialHeapSize                          = 104857600                                 {product} {command line}
   size_t MaxHeapSize                              = 2147483648                                {product} {command line}
   size_t MaxNewSize                               = 715653120                                 {product} {ergonomic}
   size_t MinHeapDeltaBytes                        = 524288                                    {product} {ergonomic}
   size_t MinHeapSize                              = 104857600                                 {product} {command line}
   size_t NewSize                                  = 34603008                                  {product} {ergonomic}
    uintx NonNMethodCodeHeapSize                   = 5832780                                {pd product} {ergonomic}
    uintx NonProfiledCodeHeapSize                  = 122912730                              {pd product} {ergonomic}
   size_t OldSize                                  = 70254592                                  {product} {ergonomic}
    uintx ProfiledCodeHeapSize                     = 122912730                              {pd product} {ergonomic}
    uintx ReservedCodeCacheSize                    = 251658240                              {pd product} {ergonomic}
     bool SegmentedCodeCache                       = true                                      {product} {ergonomic}
   size_t SoftMaxHeapSize                          = 2147483648                             {manageable} {ergonomic}
     bool UseCompressedOops                        = true                           {product lp64_product} {ergonomic}
     bool UseLargePagesIndividualAllocation        = false                                  {pd product} {ergonomic}
     bool UseParallelGC                            = true                                      {product} {command line}

Logging:
Log output configuration:
 #0: stdout all=off uptime,level,tags foldmultilines=false
 #1: stderr all=off uptime,level,tags foldmultilines=false

Release file:
JAVA_VERSION="21.0.9" 
MODULES="java.base java.compiler java.datatransfer java.xml java.prefs java.desktop java.instrument java.logging java.management java.security.sasl java.naming java.rmi java.management.rmi java.net.http java.scripting java.security.jgss java.transaction.xa java.sql java.sql.rowset java.xml.crypto java.se java.smartcardio jdk.accessibility jdk.internal.jvmstat jdk.attach jdk.charsets jdk.internal.opt jdk.zipfs jdk.compiler jdk.crypto.ec jdk.crypto.cryptoki jdk.crypto.mscapi jdk.dynalink jdk.internal.ed jdk.editpad jdk.hotspot.agent jdk.httpserver jdk.internal.le jdk.internal.vm.ci jdk.internal.vm.compiler jdk.internal.vm.compiler.management jdk.jartool jdk.javadoc jdk.jcmd jdk.management jdk.management.agent jdk.jconsole jdk.jdeps jdk.jdwp.agent jdk.jdi jdk.jfr jdk.jshell jdk.jsobject jdk.jstatd jdk.localedata jdk.management.jfr jdk.naming.dns jdk.naming.rmi jdk.net jdk.nio.mapmode jdk.random jdk.sctp jdk.security.auth jdk.security.jgss jdk.unsupported jdk.unsupported.desktop jdk.xml.dom" 

Environment Variables:
JAVA_HOME=D:\Java\jdk-17
PATH=D:\Java\jdk-17\bin;C:\Program Files\Common Files\Oracle\Java\javapath;C:\WINDOWS\system32;C:\WINDOWS;C:\WINDOWS\System32\Wbem;C:\WINDOWS\System32\WindowsPowerShell\v1.0\;C:\WINDOWS\System32\OpenSSH\;C:\Program Files\Git\cmd;C:\Program Files\NVIDIA Corporation\NVIDIA App\NvDLISR;C:\Program Files (x86)\NVIDIA Corporation\PhysX\Common;C:\Program Files\MongoDB\Server\8.0\bin;C:\Program Files\Microsoft SQL Server\150\Tools\Binn\;C:\Program Files\dotnet\;D:\php;C:\Program Files\Docker\Docker\resources\bin;C:\Program Files\nodejs\;C:\Users\Mehme\Downloads\maven\apache-maven-3.9.11\bin;C:\Program Files\cursor\resources\app\bin;C:\Program Files\Cloudflare\Cloudflare WARP\;C:\Users\Mehme\AppData\Local\Microsoft\WindowsApps;D:\Microsoft VS Code\bin;C:\Users\Mehme\AppData\Roaming\npm;C:\Users\Mehme\AppData\Local\Programs\cursor\resources\app\bin;C:\Users\Mehme\AppData\Local\Programs\Windsurf\bin;C:\Users\Mehme\AppData\Local\Programs\Kiro\bin;C:\Users\Mehme\AppData\Local\Programs\Antigravity\bin
USERNAME=Mehme
OS=Windows_NT
PROCESSOR_IDENTIFIER=Intel64 Family 6 Model 158 Stepping 13, GenuineIntel
TMP=C:\Users\Mehme\AppData\Local\Temp
TEMP=C:\Users\Mehme\AppData\Local\Temp




Periodic native trim disabled

---------------  S Y S T E M  ---------------

OS:
 Windows 11 , 64 bit Build 26100 (10.0.26100.7920)
OS uptime: 2 days 22:49 hours
Hyper-V role detected

CPU: total 6 (initial active 6) (6 cores per cpu, 1 threads per core) family 6 model 158 stepping 13 microcode 0xde, cx8, cmov, fxsr, mmx, 3dnowpref, sse, sse2, sse3, ssse3, sse4.1, sse4.2, popcnt, lzcnt, tsc, tscinvbit, avx, avx2, aes, erms, clmul, bmi1, bmi2, adx, fma, vzeroupper, clflush, clflushopt, hv, rdtscp, f16c
Processor Information for the first 6 processors :
  Max Mhz: 3696, Current Mhz: 3696, Mhz Limit: 3696

Memory: 4k page, system-wide physical 16332M (671M free)
TotalPageFile size 24524M (AvailPageFile size 7M)
current process WorkingSet (physical memory assigned to process): 519M, peak: 523M
current process commit charge ("private bytes"): 584M, peak: 587M

vm_info: OpenJDK 64-Bit Server VM (21.0.9+10-LTS) for windows-amd64 JRE (21.0.9+10-LTS), built on 2025-10-21T00:00:00Z by "admin" with unknown MS VC++:1942

END.
