#
# There is insufficient memory for the Java Runtime Environment to continue.
# Native memory allocation (malloc) failed to allocate 558096 bytes. Error detail: Chunk::new
# Possible reasons:
#   The system is out of physical RAM or swap space
#   This process is running with CompressedOops enabled, and the Java Heap may be blocking the growth of the native heap
# Possible solutions:
#   Reduce memory load on the system
#   Increase physical memory or swap space
#   Check if swap backing store is full
#   Decrease Java heap size (-Xmx/-Xms)
#   Decrease number of Java threads
#   Decrease Java thread stack sizes (-Xss)
#   Set larger code cache with -XX:ReservedCodeCacheSize=
#   JVM is running with Unscaled Compressed Oops mode in which the Java heap is
#     placed in the first 4GB address space. The Java Heap base address is the
#     maximum limit for the native heap growth. Please use -XX:HeapBaseMinAddress
#     to set the Java Heap base and to place the Java Heap above 4GB virtual address.
# This output file may be truncated or incomplete.
#
#  Out of Memory Error (arena.cpp:168), pid=24472, tid=14900
#
# JRE version: OpenJDK Runtime Environment Temurin-21.0.9+10 (21.0.9+10) (build 21.0.9+10-LTS)
# Java VM: OpenJDK 64-Bit Server VM Temurin-21.0.9+10 (21.0.9+10-LTS, mixed mode, sharing, tiered, compressed oops, compressed class ptrs, parallel gc, windows-amd64)
# No core dump will be written. Minidumps are not enabled by default on client versions of Windows
#

---------------  S U M M A R Y ------------

Command Line: --add-modules=ALL-SYSTEM --add-opens=java.base/java.util=ALL-UNNAMED --add-opens=java.base/java.lang=ALL-UNNAMED --add-opens=java.base/sun.nio.fs=ALL-UNNAMED -Declipse.application=org.eclipse.jdt.ls.core.id1 -Dosgi.bundles.defaultStartLevel=4 -Declipse.product=org.eclipse.jdt.ls.core.product -Djava.import.generatesMetadataFilesAtProjectRoot=false -DDetectVMInstallationsJob.disabled=true -Dfile.encoding=utf8 -XX:+UseParallelGC -XX:GCTimeRatio=4 -XX:AdaptiveSizePolicyWeight=90 -Dsun.zip.disableMemoryMapping=true -Xmx2G -Xms100m -Xlog:disable -javaagent:c:\Users\Mehme\.antigravity\extensions\redhat.java-1.52.0-win32-x64\lombok\lombok-1.18.39-4050.jar -XX:+HeapDumpOnOutOfMemoryError -XX:HeapDumpPath=c:\Users\Mehme\AppData\Roaming\Antigravity\User\workspaceStorage\834461939916f63032647d8448ab6216\redhat.java -Daether.dependencyCollector.impl=bf c:\Users\Mehme\.antigravity\extensions\redhat.java-1.52.0-win32-x64\server\plugins\org.eclipse.equinox.launcher_1.7.100.v20251111-0406.jar -configuration c:\Users\Mehme\AppData\Roaming\Antigravity\User\globalStorage\redhat.java\1.52.0\config_win -data c:\Users\Mehme\AppData\Roaming\Antigravity\User\workspaceStorage\834461939916f63032647d8448ab6216\redhat.java\jdt_ws --pipe=\\.\pipe\lsp-c9218f4ebab9bde9f0f50af8b828d747-sock

Host: Intel(R) Core(TM) i5-9600KF CPU @ 3.70GHz, 6 cores, 15G,  Windows 11 , 64 bit Build 26100 (10.0.26100.7920)
Time: Tue Mar 24 01:46:36 2026 T僡kiye Standart Saati elapsed time: 4.377933 seconds (0d 0h 0m 4s)

---------------  T H R E A D  ---------------

Current thread (0x0000025c435ebe50):  JavaThread "C2 CompilerThread0" daemon [_thread_in_native, id=14900, stack(0x000000d6beb00000,0x000000d6bec00000) (1024K)]


Current CompileTask:
C2:4377 3571   !   4       java.util.jar.Attributes::read (494 bytes)

Stack: [0x000000d6beb00000,0x000000d6bec00000]
Native frames: (J=compiled Java code, j=interpreted, Vv=VM code, C=native code)
V  [jvm.dll+0x6d6e29]
V  [jvm.dll+0x8b4b76]
V  [jvm.dll+0x8b712e]
V  [jvm.dll+0x8b7813]
V  [jvm.dll+0x283d86]
V  [jvm.dll+0xc66ed]
V  [jvm.dll+0xc6c31]
V  [jvm.dll+0x3be501]
V  [jvm.dll+0x38ab92]
V  [jvm.dll+0x389fda]
V  [jvm.dll+0x24bfa0]
V  [jvm.dll+0x24b580]
V  [jvm.dll+0x1cb13e]
V  [jvm.dll+0x25b29d]
V  [jvm.dll+0x25982a]
V  [jvm.dll+0x3f7ea6]
V  [jvm.dll+0x85e9ad]
V  [jvm.dll+0x6d565d]
C  [ucrtbase.dll+0x37b0]
C  [KERNEL32.DLL+0x2e8d7]
C  [ntdll.dll+0x8c48c]


---------------  P R O C E S S  ---------------

Threads class SMR info:
_java_thread_list=0x0000025c8af016a0, length=22, elements={
0x0000025c2cbaf0f0, 0x0000025c435da750, 0x0000025c435dd5a0, 0x0000025c435e4e90,
0x0000025c435e7b70, 0x0000025c435e85c0, 0x0000025c435e9010, 0x0000025c435ebe50,
0x0000025c4365e350, 0x0000025c85a140a0, 0x0000025c85b3f780, 0x0000025c8a6815e0,
0x0000025c8aa85720, 0x0000025c8aa55f40, 0x0000025c8a6760c0, 0x0000025c8adb30b0,
0x0000025c8a7dcfe0, 0x0000025c8a615890, 0x0000025c8a95fb50, 0x0000025c8a7fdbb0,
0x0000025c8a7fe240, 0x0000025c8b0a0050
}

Java Threads: ( => current thread )
  0x0000025c2cbaf0f0 JavaThread "main"                              [_thread_blocked, id=22980, stack(0x000000d6be000000,0x000000d6be100000) (1024K)]
  0x0000025c435da750 JavaThread "Reference Handler"          daemon [_thread_blocked, id=14860, stack(0x000000d6be500000,0x000000d6be600000) (1024K)]
  0x0000025c435dd5a0 JavaThread "Finalizer"                  daemon [_thread_blocked, id=6944, stack(0x000000d6be600000,0x000000d6be700000) (1024K)]
  0x0000025c435e4e90 JavaThread "Signal Dispatcher"          daemon [_thread_blocked, id=15028, stack(0x000000d6be700000,0x000000d6be800000) (1024K)]
  0x0000025c435e7b70 JavaThread "Attach Listener"            daemon [_thread_blocked, id=24196, stack(0x000000d6be800000,0x000000d6be900000) (1024K)]
  0x0000025c435e85c0 JavaThread "Service Thread"             daemon [_thread_blocked, id=20208, stack(0x000000d6be900000,0x000000d6bea00000) (1024K)]
  0x0000025c435e9010 JavaThread "Monitor Deflation Thread"   daemon [_thread_blocked, id=19928, stack(0x000000d6bea00000,0x000000d6beb00000) (1024K)]
=>0x0000025c435ebe50 JavaThread "C2 CompilerThread0"         daemon [_thread_in_native, id=14900, stack(0x000000d6beb00000,0x000000d6bec00000) (1024K)]
  0x0000025c4365e350 JavaThread "C1 CompilerThread0"         daemon [_thread_blocked, id=9232, stack(0x000000d6bec00000,0x000000d6bed00000) (1024K)]
  0x0000025c85a140a0 JavaThread "Common-Cleaner"             daemon [_thread_blocked, id=11712, stack(0x000000d6bed00000,0x000000d6bee00000) (1024K)]
  0x0000025c85b3f780 JavaThread "Notification Thread"        daemon [_thread_blocked, id=21212, stack(0x000000d6bee00000,0x000000d6bef00000) (1024K)]
  0x0000025c8a6815e0 JavaThread "Active Thread: Equinox Container: 81d922a3-dcbd-4fb5-a6cc-c26da1d7f523"        [_thread_blocked, id=17632, stack(0x000000d6bf500000,0x000000d6bf600000) (1024K)]
  0x0000025c8aa85720 JavaThread "Refresh Thread: Equinox Container: 81d922a3-dcbd-4fb5-a6cc-c26da1d7f523" daemon [_thread_blocked, id=20512, stack(0x000000d6bf600000,0x000000d6bf700000) (1024K)]
  0x0000025c8aa55f40 JavaThread "Framework Event Dispatcher: Equinox Container: 81d922a3-dcbd-4fb5-a6cc-c26da1d7f523" daemon [_thread_blocked, id=26340, stack(0x000000d6bef00000,0x000000d6bf000000) (1024K)]
  0x0000025c8a6760c0 JavaThread "Start Level: Equinox Container: 81d922a3-dcbd-4fb5-a6cc-c26da1d7f523" daemon [_thread_in_Java, id=15672, stack(0x000000d6bf700000,0x000000d6bf800000) (1024K)]
  0x0000025c8adb30b0 JavaThread "Bundle File Closer"         daemon [_thread_blocked, id=9880, stack(0x000000d6bf900000,0x000000d6bfa00000) (1024K)]
  0x0000025c8a7dcfe0 JavaThread "SCR Component Actor"        daemon [_thread_blocked, id=11208, stack(0x000000d6bfa00000,0x000000d6bfb00000) (1024K)]
  0x0000025c8a615890 JavaThread "Worker-JM"                         [_thread_blocked, id=6472, stack(0x000000d6bfb00000,0x000000d6bfc00000) (1024K)]
  0x0000025c8a95fb50 JavaThread "JNA Cleaner"                daemon [_thread_blocked, id=24416, stack(0x000000d6bf800000,0x000000d6bf900000) (1024K)]
  0x0000025c8a7fdbb0 JavaThread "Worker-0: Checking project encoding"        [_thread_blocked, id=16764, stack(0x000000d6bfc00000,0x000000d6bfd00000) (1024K)]
  0x0000025c8a7fe240 JavaThread "Worker-1"                          [_thread_blocked, id=9052, stack(0x000000d6bfd00000,0x000000d6bfe00000) (1024K)]
  0x0000025c8b0a0050 JavaThread "C2 CompilerThread1"         daemon [_thread_blocked, id=15064, stack(0x000000d6bfe00000,0x000000d6bff00000) (1024K)]
Total: 22

Other Threads:
  0x0000025c435c09e0 VMThread "VM Thread"                           [id=9292, stack(0x000000d6be400000,0x000000d6be500000) (1024K)]
  0x0000025c4353ca00 WatcherThread "VM Periodic Task Thread"        [id=18792, stack(0x000000d6be300000,0x000000d6be400000) (1024K)]
  0x0000025c2cbceec0 WorkerThread "GC Thread#0"                     [id=9432, stack(0x000000d6be200000,0x000000d6be300000) (1024K)]
  0x0000025c8a6a2590 WorkerThread "GC Thread#1"                     [id=14704, stack(0x000000d6bf000000,0x000000d6bf100000) (1024K)]
  0x0000025c8a2ba6a0 WorkerThread "GC Thread#2"                     [id=3844, stack(0x000000d6bf100000,0x000000d6bf200000) (1024K)]
  0x0000025c8a6a2930 WorkerThread "GC Thread#3"                     [id=18408, stack(0x000000d6bf200000,0x000000d6bf300000) (1024K)]
  0x0000025c85bbf3f0 WorkerThread "GC Thread#4"                     [id=25552, stack(0x000000d6bf300000,0x000000d6bf400000) (1024K)]
  0x0000025c85bbf790 WorkerThread "GC Thread#5"                     [id=18528, stack(0x000000d6bf400000,0x000000d6bf500000) (1024K)]
Total: 8

Threads with active compile tasks:
C2 CompilerThread0  4397 3571   !   4       java.util.jar.Attributes::read (494 bytes)
Total: 1

VM state: not at safepoint (normal execution)

VM Mutex/Monitor currently owned by a thread: None

Heap address: 0x0000000080000000, size: 2048 MB, Compressed Oops mode: 32-bit

CDS archive(s) mapped at: [0x0000025c44000000-0x0000025c44ba0000-0x0000025c44ba0000), size 12189696, SharedBaseAddress: 0x0000025c44000000, ArchiveRelocationMode: 1.
Compressed class space mapped at: 0x0000025c45000000-0x0000025c85000000, reserved size: 1073741824
Narrow klass base: 0x0000025c44000000, Narrow klass shift: 0, Narrow klass range: 0x100000000

GC Precious Log:
 CardTable entry size: 512
 CPUs: 6 total, 6 available
 Memory: 16332M
 Large Page Support: Disabled
 NUMA Support: Disabled
 Compressed Oops: Enabled (32-bit)
 Alignments: Space 512K, Generation 512K, Heap 2M
 Heap Min Capacity: 100M
 Heap Initial Capacity: 100M
 Heap Max Capacity: 2G
 Pre-touch: Disabled
 Parallel Workers: 6

Heap:
 PSYoungGen      total 30208K, used 12110K [0x00000000d5580000, 0x00000000d7980000, 0x0000000100000000)
  eden space 24576K, 27% used [0x00000000d5580000,0x00000000d5c2a4d0,0x00000000d6d80000)
  from space 5632K, 93% used [0x00000000d7400000,0x00000000d7929480,0x00000000d7980000)
  to   space 5632K, 0% used [0x00000000d6e80000,0x00000000d6e80000,0x00000000d7400000)
 ParOldGen       total 68608K, used 7984K [0x0000000080000000, 0x0000000084300000, 0x00000000d5580000)
  object space 68608K, 11% used [0x0000000080000000,0x00000000807cc050,0x0000000084300000)
 Metaspace       used 19104K, committed 19904K, reserved 1114112K
  class space    used 2017K, committed 2368K, reserved 1048576K

Card table byte_map: [0x0000025c2c560000,0x0000025c2c970000] _byte_map_base: 0x0000025c2c160000

Marking Bits: (ParMarkBitMap*) 0x00007ffebe632460
 Begin Bits: [0x0000025c3f060000, 0x0000025c41060000)
 End Bits:   [0x0000025c41060000, 0x0000025c43060000)

Polling page: 0x0000025c2ae30000

Metaspace:

Usage:
  Non-class:     16.69 MB used.
      Class:      1.97 MB used.
       Both:     18.66 MB used.

Virtual space:
  Non-class space:       64.00 MB reserved,      17.12 MB ( 27%) committed,  1 nodes.
      Class space:        1.00 GB reserved,       2.31 MB ( <1%) committed,  1 nodes.
             Both:        1.06 GB reserved,      19.44 MB (  2%) committed. 

Chunk freelists:
   Non-Class:  13.94 MB
       Class:  13.52 MB
        Both:  27.45 MB

MaxMetaspaceSize: unlimited
CompressedClassSpaceSize: 1.00 GB
Initial GC threshold: 21.00 MB
Current GC threshold: 21.00 MB
CDS: on
 - commit_granule_bytes: 65536.
 - commit_granule_words: 8192.
 - virtual_space_node_default_size: 8388608.
 - enlarge_chunks_in_place: 1.
 - use_allocation_guard: 0.


Internal statistics:

num_allocs_failed_limit: 0.
num_arena_births: 586.
num_arena_deaths: 0.
num_vsnodes_births: 2.
num_vsnodes_deaths: 0.
num_space_committed: 311.
num_space_uncommitted: 0.
num_chunks_returned_to_freelist: 0.
num_chunks_taken_from_freelist: 1342.
num_chunk_merges: 0.
num_chunk_splits: 845.
num_chunks_enlarged: 528.
num_inconsistent_stats: 0.

CodeHeap 'non-profiled nmethods': size=120000Kb used=1563Kb max_used=1563Kb free=118436Kb
 bounds [0x0000025c37880000, 0x0000025c37af0000, 0x0000025c3edb0000]
CodeHeap 'profiled nmethods': size=120000Kb used=7309Kb max_used=7309Kb free=112690Kb
 bounds [0x0000025c2fdb0000, 0x0000025c304e0000, 0x0000025c372e0000]
CodeHeap 'non-nmethods': size=5760Kb used=1277Kb max_used=1347Kb free=4482Kb
 bounds [0x0000025c372e0000, 0x0000025c37550000, 0x0000025c37880000]
CodeCache: size=245760Kb, used=10149Kb, max_used=10219Kb, free=235608Kb
 total_blobs=4149, nmethods=3594, adapters=461, full_count=0
Compilation: enabled, stopped_count=0, restarted_count=0

Compilation events (20 events):
Event: 4.360 Thread 0x0000025c4365e350 nmethod 3587 0x0000025c304cf790 code [0x0000025c304cf960, 0x0000025c304cfc68]
Event: 4.360 Thread 0x0000025c4365e350 3588       3       java.util.ResourceBundle::getString (9 bytes)
Event: 4.360 Thread 0x0000025c4365e350 nmethod 3588 0x0000025c304cfd90 code [0x0000025c304cff40, 0x0000025c304d0168]
Event: 4.360 Thread 0x0000025c4365e350 3589       3       java.lang.invoke.DirectMethodHandle$StaticAccessor::viewAsType (49 bytes)
Event: 4.360 Thread 0x0000025c4365e350 nmethod 3589 0x0000025c304d0210 code [0x0000025c304d03c0, 0x0000025c304d0598]
Event: 4.361 Thread 0x0000025c4365e350 3590       3       java.lang.Thread::isAlive (5 bytes)
Event: 4.361 Thread 0x0000025c4365e350 nmethod 3590 0x0000025c304d0690 code [0x0000025c304d0840, 0x0000025c304d0a88]
Event: 4.361 Thread 0x0000025c4365e350 3591       3       java.lang.Thread::alive (15 bytes)
Event: 4.361 Thread 0x0000025c4365e350 nmethod 3591 0x0000025c304d0b90 code [0x0000025c304d0d20, 0x0000025c304d0e88]
Event: 4.361 Thread 0x0000025c8b0a0050 nmethod 3582 0x0000025c37a05e10 code [0x0000025c37a05fa0, 0x0000025c37a062d0]
Event: 4.362 Thread 0x0000025c8b0a0050 3575       4       java.util.jar.Attributes::size (10 bytes)
Event: 4.362 Thread 0x0000025c8b0a0050 nmethod 3575 0x0000025c37a06390 code [0x0000025c37a06520, 0x0000025c37a065e8]
Event: 4.362 Thread 0x0000025c8b0a0050 3573       4       java.util.LinkedHashMap::newLinkedHashMap (43 bytes)
Event: 4.362 Thread 0x0000025c4365e350 3592       1       java.lang.Class::getClassLoader0 (5 bytes)
Event: 4.363 Thread 0x0000025c4365e350 nmethod 3592 0x0000025c37a06690 code [0x0000025c37a06820, 0x0000025c37a068e8]
Event: 4.363 Thread 0x0000025c4365e350 3593       3       jdk.internal.misc.VM::isModuleSystemInited (13 bytes)
Event: 4.363 Thread 0x0000025c4365e350 nmethod 3593 0x0000025c304d0f10 code [0x0000025c304d10a0, 0x0000025c304d11f0]
Event: 4.363 Thread 0x0000025c4365e350 3594       3       java.lang.ModuleLayer::boot (4 bytes)
Event: 4.363 Thread 0x0000025c4365e350 nmethod 3594 0x0000025c304d1290 code [0x0000025c304d1420, 0x0000025c304d1518]
Event: 4.363 Thread 0x0000025c8b0a0050 nmethod 3573 0x0000025c37a06990 code [0x0000025c37a06b40, 0x0000025c37a06d10]

GC Heap History (12 events):
Event: 0.629 GC heap before
{Heap before GC invocations=1 (full 0):
 PSYoungGen      total 29696K, used 25600K [0x00000000d5580000, 0x00000000d7680000, 0x0000000100000000)
  eden space 25600K, 100% used [0x00000000d5580000,0x00000000d6e80000,0x00000000d6e80000)
  from space 4096K, 0% used [0x00000000d7280000,0x00000000d7280000,0x00000000d7680000)
  to   space 4096K, 0% used [0x00000000d6e80000,0x00000000d6e80000,0x00000000d7280000)
 ParOldGen       total 68608K, used 0K [0x0000000080000000, 0x0000000084300000, 0x00000000d5580000)
  object space 68608K, 0% used [0x0000000080000000,0x0000000080000000,0x0000000084300000)
 Metaspace       used 4285K, committed 4544K, reserved 1114112K
  class space    used 471K, committed 576K, reserved 1048576K
}
Event: 0.641 GC heap after
{Heap after GC invocations=1 (full 0):
 PSYoungGen      total 29696K, used 3312K [0x00000000d5580000, 0x00000000d7680000, 0x0000000100000000)
  eden space 25600K, 0% used [0x00000000d5580000,0x00000000d5580000,0x00000000d6e80000)
  from space 4096K, 80% used [0x00000000d6e80000,0x00000000d71bc148,0x00000000d7280000)
  to   space 4096K, 0% used [0x00000000d7280000,0x00000000d7280000,0x00000000d7680000)
 ParOldGen       total 68608K, used 0K [0x0000000080000000, 0x0000000084300000, 0x00000000d5580000)
  object space 68608K, 0% used [0x0000000080000000,0x0000000080000000,0x0000000084300000)
 Metaspace       used 4285K, committed 4544K, reserved 1114112K
  class space    used 471K, committed 576K, reserved 1048576K
}
Event: 1.467 GC heap before
{Heap before GC invocations=2 (full 0):
 PSYoungGen      total 29696K, used 28912K [0x00000000d5580000, 0x00000000d7680000, 0x0000000100000000)
  eden space 25600K, 100% used [0x00000000d5580000,0x00000000d6e80000,0x00000000d6e80000)
  from space 4096K, 80% used [0x00000000d6e80000,0x00000000d71bc148,0x00000000d7280000)
  to   space 4096K, 0% used [0x00000000d7280000,0x00000000d7280000,0x00000000d7680000)
 ParOldGen       total 68608K, used 0K [0x0000000080000000, 0x0000000084300000, 0x00000000d5580000)
  object space 68608K, 0% used [0x0000000080000000,0x0000000080000000,0x0000000084300000)
 Metaspace       used 7974K, committed 8256K, reserved 1114112K
  class space    used 832K, committed 960K, reserved 1048576K
}
Event: 1.471 GC heap after
{Heap after GC invocations=2 (full 0):
 PSYoungGen      total 29696K, used 4086K [0x00000000d5580000, 0x00000000d7680000, 0x0000000100000000)
  eden space 25600K, 0% used [0x00000000d5580000,0x00000000d5580000,0x00000000d6e80000)
  from space 4096K, 99% used [0x00000000d7280000,0x00000000d767d810,0x00000000d7680000)
  to   space 4096K, 0% used [0x00000000d6e80000,0x00000000d6e80000,0x00000000d7280000)
 ParOldGen       total 68608K, used 2014K [0x0000000080000000, 0x0000000084300000, 0x00000000d5580000)
  object space 68608K, 2% used [0x0000000080000000,0x00000000801f79a0,0x0000000084300000)
 Metaspace       used 7974K, committed 8256K, reserved 1114112K
  class space    used 832K, committed 960K, reserved 1048576K
}
Event: 2.436 GC heap before
{Heap before GC invocations=3 (full 0):
 PSYoungGen      total 29696K, used 29686K [0x00000000d5580000, 0x00000000d7680000, 0x0000000100000000)
  eden space 25600K, 100% used [0x00000000d5580000,0x00000000d6e80000,0x00000000d6e80000)
  from space 4096K, 99% used [0x00000000d7280000,0x00000000d767d810,0x00000000d7680000)
  to   space 4096K, 0% used [0x00000000d6e80000,0x00000000d6e80000,0x00000000d7280000)
 ParOldGen       total 68608K, used 2014K [0x0000000080000000, 0x0000000084300000, 0x00000000d5580000)
  object space 68608K, 2% used [0x0000000080000000,0x00000000801f79a0,0x0000000084300000)
 Metaspace       used 9464K, committed 9792K, reserved 1114112K
  class space    used 1010K, committed 1152K, reserved 1048576K
}
Event: 2.441 GC heap after
{Heap after GC invocations=3 (full 0):
 PSYoungGen      total 29696K, used 4067K [0x00000000d5580000, 0x00000000d7680000, 0x0000000100000000)
  eden space 25600K, 0% used [0x00000000d5580000,0x00000000d5580000,0x00000000d6e80000)
  from space 4096K, 99% used [0x00000000d6e80000,0x00000000d7278cf8,0x00000000d7280000)
  to   space 4096K, 0% used [0x00000000d7280000,0x00000000d7280000,0x00000000d7680000)
 ParOldGen       total 68608K, used 4670K [0x0000000080000000, 0x0000000084300000, 0x00000000d5580000)
  object space 68608K, 6% used [0x0000000080000000,0x000000008048fa60,0x0000000084300000)
 Metaspace       used 9464K, committed 9792K, reserved 1114112K
  class space    used 1010K, committed 1152K, reserved 1048576K
}
Event: 3.039 GC heap before
{Heap before GC invocations=4 (full 0):
 PSYoungGen      total 29696K, used 29667K [0x00000000d5580000, 0x00000000d7680000, 0x0000000100000000)
  eden space 25600K, 100% used [0x00000000d5580000,0x00000000d6e80000,0x00000000d6e80000)
  from space 4096K, 99% used [0x00000000d6e80000,0x00000000d7278cf8,0x00000000d7280000)
  to   space 4096K, 0% used [0x00000000d7280000,0x00000000d7280000,0x00000000d7680000)
 ParOldGen       total 68608K, used 4670K [0x0000000080000000, 0x0000000084300000, 0x00000000d5580000)
  object space 68608K, 6% used [0x0000000080000000,0x000000008048fa60,0x0000000084300000)
 Metaspace       used 11684K, committed 12032K, reserved 1114112K
  class space    used 1235K, committed 1408K, reserved 1048576K
}
Event: 3.043 GC heap after
{Heap after GC invocations=4 (full 0):
 PSYoungGen      total 29696K, used 4084K [0x00000000d5580000, 0x00000000d7680000, 0x0000000100000000)
  eden space 25600K, 0% used [0x00000000d5580000,0x00000000d5580000,0x00000000d6e80000)
  from space 4096K, 99% used [0x00000000d7280000,0x00000000d767d340,0x00000000d7680000)
  to   space 4096K, 0% used [0x00000000d6e80000,0x00000000d6e80000,0x00000000d7280000)
 ParOldGen       total 68608K, used 6577K [0x0000000080000000, 0x0000000084300000, 0x00000000d5580000)
  object space 68608K, 9% used [0x0000000080000000,0x000000008066c7c8,0x0000000084300000)
 Metaspace       used 11684K, committed 12032K, reserved 1114112K
  class space    used 1235K, committed 1408K, reserved 1048576K
}
Event: 3.500 GC heap before
{Heap before GC invocations=5 (full 0):
 PSYoungGen      total 29696K, used 29684K [0x00000000d5580000, 0x00000000d7680000, 0x0000000100000000)
  eden space 25600K, 100% used [0x00000000d5580000,0x00000000d6e80000,0x00000000d6e80000)
  from space 4096K, 99% used [0x00000000d7280000,0x00000000d767d340,0x00000000d7680000)
  to   space 4096K, 0% used [0x00000000d6e80000,0x00000000d6e80000,0x00000000d7280000)
 ParOldGen       total 68608K, used 6577K [0x0000000080000000, 0x0000000084300000, 0x00000000d5580000)
  object space 68608K, 9% used [0x0000000080000000,0x000000008066c7c8,0x0000000084300000)
 Metaspace       used 15603K, committed 16192K, reserved 1114112K
  class space    used 1621K, committed 1920K, reserved 1048576K
}
Event: 3.504 GC heap after
{Heap after GC invocations=5 (full 0):
 PSYoungGen      total 29184K, used 4078K [0x00000000d5580000, 0x00000000d7a00000, 0x0000000100000000)
  eden space 25088K, 0% used [0x00000000d5580000,0x00000000d5580000,0x00000000d6e00000)
  from space 4096K, 99% used [0x00000000d6e80000,0x00000000d727ba08,0x00000000d7280000)
  to   space 6144K, 0% used [0x00000000d7400000,0x00000000d7400000,0x00000000d7a00000)
 ParOldGen       total 68608K, used 7976K [0x0000000080000000, 0x0000000084300000, 0x00000000d5580000)
  object space 68608K, 11% used [0x0000000080000000,0x00000000807ca050,0x0000000084300000)
 Metaspace       used 15603K, committed 16192K, reserved 1114112K
  class space    used 1621K, committed 1920K, reserved 1048576K
}
Event: 4.270 GC heap before
{Heap before GC invocations=6 (full 0):
 PSYoungGen      total 29184K, used 29166K [0x00000000d5580000, 0x00000000d7a00000, 0x0000000100000000)
  eden space 25088K, 100% used [0x00000000d5580000,0x00000000d6e00000,0x00000000d6e00000)
  from space 4096K, 99% used [0x00000000d6e80000,0x00000000d727ba08,0x00000000d7280000)
  to   space 6144K, 0% used [0x00000000d7400000,0x00000000d7400000,0x00000000d7a00000)
 ParOldGen       total 68608K, used 7976K [0x0000000080000000, 0x0000000084300000, 0x00000000d5580000)
  object space 68608K, 11% used [0x0000000080000000,0x00000000807ca050,0x0000000084300000)
 Metaspace       used 18732K, committed 19520K, reserved 1114112K
  class space    used 1971K, committed 2304K, reserved 1048576K
}
Event: 4.274 GC heap after
{Heap after GC invocations=6 (full 0):
 PSYoungGen      total 30208K, used 5285K [0x00000000d5580000, 0x00000000d7980000, 0x0000000100000000)
  eden space 24576K, 0% used [0x00000000d5580000,0x00000000d5580000,0x00000000d6d80000)
  from space 5632K, 93% used [0x00000000d7400000,0x00000000d7929480,0x00000000d7980000)
  to   space 5632K, 0% used [0x00000000d6e80000,0x00000000d6e80000,0x00000000d7400000)
 ParOldGen       total 68608K, used 7984K [0x0000000080000000, 0x0000000084300000, 0x00000000d5580000)
  object space 68608K, 11% used [0x0000000080000000,0x00000000807cc050,0x0000000084300000)
 Metaspace       used 18732K, committed 19520K, reserved 1114112K
  class space    used 1971K, committed 2304K, reserved 1048576K
}

Dll operation events (10 events):
Event: 0.011 Loaded shared library c:\Users\Mehme\.antigravity\extensions\redhat.java-1.52.0-win32-x64\jre\21.0.9-win32-x86_64\bin\java.dll
Event: 0.046 Loaded shared library c:\Users\Mehme\.antigravity\extensions\redhat.java-1.52.0-win32-x64\jre\21.0.9-win32-x86_64\bin\zip.dll
Event: 0.133 Loaded shared library C:\Users\Mehme\.antigravity\extensions\redhat.java-1.52.0-win32-x64\jre\21.0.9-win32-x86_64\bin\instrument.dll
Event: 0.136 Loaded shared library C:\Users\Mehme\.antigravity\extensions\redhat.java-1.52.0-win32-x64\jre\21.0.9-win32-x86_64\bin\net.dll
Event: 0.138 Loaded shared library C:\Users\Mehme\.antigravity\extensions\redhat.java-1.52.0-win32-x64\jre\21.0.9-win32-x86_64\bin\nio.dll
Event: 0.141 Loaded shared library C:\Users\Mehme\.antigravity\extensions\redhat.java-1.52.0-win32-x64\jre\21.0.9-win32-x86_64\bin\zip.dll
Event: 0.155 Loaded shared library C:\Users\Mehme\.antigravity\extensions\redhat.java-1.52.0-win32-x64\jre\21.0.9-win32-x86_64\bin\jimage.dll
Event: 0.230 Loaded shared library c:\Users\Mehme\.antigravity\extensions\redhat.java-1.52.0-win32-x64\jre\21.0.9-win32-x86_64\bin\verify.dll
Event: 1.526 Loaded shared library C:\Users\Mehme\AppData\Roaming\Antigravity\User\globalStorage\redhat.java\1.52.0\config_win\org.eclipse.equinox.launcher\org.eclipse.equinox.launcher.win32.win32.x86_64_1.2.1500.v20260121-1430\eclipse_11919.dll
Event: 3.842 Loaded shared library C:\Users\Mehme\AppData\Local\Temp\jna-74223432\jna4846432163333708289.dll

Deoptimization events (20 events):
Event: 4.144 Thread 0x0000025c8a6760c0 DEOPT PACKING pc=0x0000025c379cc170 sp=0x000000d6bf7f3a20
Event: 4.144 Thread 0x0000025c8a6760c0 DEOPT UNPACKING pc=0x0000025c37333aa2 sp=0x000000d6bf7f39b0 mode 2
Event: 4.144 Thread 0x0000025c8a6760c0 Uncommon trap: trap_request=0xffffffde fr.pc=0x0000025c379cc170 relative=0x0000000000000050
Event: 4.144 Thread 0x0000025c8a6760c0 Uncommon trap: reason=class_check action=maybe_recompile pc=0x0000025c379cc170 method=java.lang.invoke.DirectMethodHandle.internalMemberName(Ljava/lang/Object;)Ljava/lang/Object; @ 1 c2
Event: 4.144 Thread 0x0000025c8a6760c0 DEOPT PACKING pc=0x0000025c379cc170 sp=0x000000d6bf7f3ac0
Event: 4.144 Thread 0x0000025c8a6760c0 DEOPT UNPACKING pc=0x0000025c37333aa2 sp=0x000000d6bf7f3a50 mode 2
Event: 4.144 Thread 0x0000025c8a6760c0 Uncommon trap: trap_request=0xffffffde fr.pc=0x0000025c379cc170 relative=0x0000000000000050
Event: 4.144 Thread 0x0000025c8a6760c0 Uncommon trap: reason=class_check action=maybe_recompile pc=0x0000025c379cc170 method=java.lang.invoke.DirectMethodHandle.internalMemberName(Ljava/lang/Object;)Ljava/lang/Object; @ 1 c2
Event: 4.144 Thread 0x0000025c8a6760c0 DEOPT PACKING pc=0x0000025c379cc170 sp=0x000000d6bf7f3ac0
Event: 4.144 Thread 0x0000025c8a6760c0 DEOPT UNPACKING pc=0x0000025c37333aa2 sp=0x000000d6bf7f3a50 mode 2
Event: 4.145 Thread 0x0000025c8a6760c0 Uncommon trap: trap_request=0xffffff45 fr.pc=0x0000025c379b4dc4 relative=0x00000000000000a4
Event: 4.145 Thread 0x0000025c8a6760c0 Uncommon trap: reason=unstable_if action=reinterpret pc=0x0000025c379b4dc4 method=java.lang.ref.ReferenceQueue.poll()Ljava/lang/ref/Reference; @ 4 c2
Event: 4.145 Thread 0x0000025c8a6760c0 DEOPT PACKING pc=0x0000025c379b4dc4 sp=0x000000d6bf7f3b90
Event: 4.145 Thread 0x0000025c8a6760c0 DEOPT UNPACKING pc=0x0000025c37333aa2 sp=0x000000d6bf7f3a78 mode 2
Event: 4.353 Thread 0x0000025c8a6760c0 DEOPT PACKING pc=0x0000025c2feb200b sp=0x000000d6bf7f17e0
Event: 4.353 Thread 0x0000025c8a6760c0 DEOPT UNPACKING pc=0x0000025c37334242 sp=0x000000d6bf7f0c58 mode 0
Event: 4.354 Thread 0x0000025c8a6760c0 DEOPT PACKING pc=0x0000025c2fead506 sp=0x000000d6bf7f0f30
Event: 4.354 Thread 0x0000025c8a6760c0 DEOPT UNPACKING pc=0x0000025c37334242 sp=0x000000d6bf7f03b0 mode 0
Event: 4.355 Thread 0x0000025c8a6760c0 DEOPT PACKING pc=0x0000025c2fead506 sp=0x000000d6bf7f1180
Event: 4.355 Thread 0x0000025c8a6760c0 DEOPT UNPACKING pc=0x0000025c37334242 sp=0x000000d6bf7f0600 mode 0

Classes loaded (20 events):
Event: 3.944 Loading class java/util/stream/SortedOps$SizedRefSortingSink
Event: 3.944 Loading class java/util/stream/SortedOps$SizedRefSortingSink done
Event: 4.002 Loading class java/util/concurrent/atomic/Striped64$1
Event: 4.002 Loading class java/util/concurrent/atomic/Striped64$1 done
Event: 4.068 Loading class java/util/BitSet
Event: 4.068 Loading class java/util/BitSet done
Event: 4.071 Loading class sun/net/www/protocol/jrt/JavaRuntimeURLConnection
Event: 4.072 Loading class sun/net/www/protocol/jrt/JavaRuntimeURLConnection done
Event: 4.072 Loading class sun/net/www/protocol/jrt/JavaRuntimeURLConnection$1
Event: 4.072 Loading class sun/net/www/protocol/jrt/JavaRuntimeURLConnection$1 done
Event: 4.097 Loading class java/util/function/UnaryOperator
Event: 4.097 Loading class java/util/function/UnaryOperator done
Event: 4.098 Loading class java/util/ServiceConfigurationError
Event: 4.098 Loading class java/util/ServiceConfigurationError done
Event: 4.108 Loading class java/lang/InheritableThreadLocal
Event: 4.108 Loading class java/lang/InheritableThreadLocal done
Event: 4.139 Loading class java/security/AccessControlException
Event: 4.140 Loading class java/security/AccessControlException done
Event: 4.362 Loading class java/lang/StackTraceElement$HashedModules
Event: 4.362 Loading class java/lang/StackTraceElement$HashedModules done

Classes unloaded (0 events):
No events

Classes redefined (0 events):
No events

Internal exceptions (20 events):
Event: 3.576 Thread 0x0000025c8a6760c0 Exception <a 'java/lang/NoSuchMethodError'{0x00000000d599b8a0}: 'java.lang.Object java.lang.invoke.DirectMethodHandle$Holder.invokeStaticInit(java.lang.Object, int, int, int, int)'> (0x00000000d599b8a0) 
thrown [s\src\hotspot\share\interpreter\linkResolver.cpp, line 773]
Event: 3.697 Thread 0x0000025c8a6760c0 Exception <a 'java/lang/NoSuchMethodError'{0x00000000d5a7ab58}: 'java.lang.Object java.lang.invoke.DirectMethodHandle$Holder.invokeStaticInit(java.lang.Object, java.lang.Object, int, int, int, int)'> (0x00000000d5a7ab58) 
thrown [s\src\hotspot\share\interpreter\linkResolver.cpp, line 773]
Event: 3.863 Thread 0x0000025c8a6760c0 Exception <a 'java/lang/NoSuchMethodError'{0x00000000d5b9cd68}: 'void java.lang.invoke.DirectMethodHandle$Holder.invokeSpecial(java.lang.Object, java.lang.Object, java.lang.Object, int)'> (0x00000000d5b9cd68) 
thrown [s\src\hotspot\share\interpreter\linkResolver.cpp, line 773]
Event: 3.863 Thread 0x0000025c8a6760c0 Exception <a 'java/lang/NoSuchMethodError'{0x00000000d5ba06f8}: 'void java.lang.invoke.DelegatingMethodHandle$Holder.reinvoke_L(java.lang.Object, java.lang.Object, int)'> (0x00000000d5ba06f8) 
thrown [s\src\hotspot\share\interpreter\linkResolver.cpp, line 773]
Event: 3.864 Thread 0x0000025c8a6760c0 Exception <a 'java/lang/NoSuchMethodError'{0x00000000d5ba73e0}: 'int java.lang.invoke.Invokers$Holder.invokeExact_MT(java.lang.Object, java.lang.Object, java.lang.Object)'> (0x00000000d5ba73e0) 
thrown [s\src\hotspot\share\interpreter\linkResolver.cpp, line 773]
Event: 3.914 Thread 0x0000025c8a6760c0 Exception <a 'java/lang/NoSuchMethodError'{0x00000000d5cba7f0}: 'void java.lang.invoke.Invokers$Holder.invokeExact_MT(java.lang.Object, java.lang.Object, int, java.lang.Object)'> (0x00000000d5cba7f0) 
thrown [s\src\hotspot\share\interpreter\linkResolver.cpp, line 773]
Event: 3.933 Thread 0x0000025c8a6760c0 Exception <a 'java/lang/NoSuchMethodError'{0x00000000d5ddf658}: 'java.lang.Object java.lang.invoke.DirectMethodHandle$Holder.invokeSpecial(java.lang.Object, java.lang.Object, java.lang.Object, long, java.lang.Object)'> (0x00000000d5ddf658) 
thrown [s\src\hotspot\share\interpreter\linkResolver.cpp, line 773]
Event: 3.934 Thread 0x0000025c8a6760c0 Exception <a 'java/lang/NoSuchMethodError'{0x00000000d5de6ea0}: 'java.lang.Object java.lang.invoke.DirectMethodHandle$Holder.newInvokeSpecial(java.lang.Object, java.lang.Object, java.lang.Object, long)'> (0x00000000d5de6ea0) 
thrown [s\src\hotspot\share\interpreter\linkResolver.cpp, line 773]
Event: 3.934 Thread 0x0000025c8a6760c0 Exception <a 'java/lang/NoSuchMethodError'{0x00000000d5deb250}: 'java.lang.Object java.lang.invoke.DirectMethodHandle$Holder.invokeSpecial(java.lang.Object, java.lang.Object, java.lang.Object, java.lang.Object, long)'> (0x00000000d5deb250) 
thrown [s\src\hotspot\share\interpreter\linkResolver.cpp, line 773]
Event: 3.934 Thread 0x0000025c8a6760c0 Exception <a 'java/lang/NoSuchMethodError'{0x00000000d5deee70}: 'java.lang.Object java.lang.invoke.Invokers$Holder.linkToTargetMethod(java.lang.Object, java.lang.Object, long, java.lang.Object)'> (0x00000000d5deee70) 
thrown [s\src\hotspot\share\interpreter\linkResolver.cpp, line 773]
Event: 3.941 Thread 0x0000025c8a6760c0 Exception <a 'java/lang/NoSuchMethodError'{0x00000000d5e501a0}: 'int java.lang.invoke.DirectMethodHandle$Holder.invokeStaticInit(java.lang.Object, java.lang.Object, java.lang.Object)'> (0x00000000d5e501a0) 
thrown [s\src\hotspot\share\interpreter\linkResolver.cpp, line 773]
Event: 3.952 Thread 0x0000025c8a6760c0 Exception <a 'java/lang/IncompatibleClassChangeError'{0x00000000d5efee98}: Found class java.lang.Object, but interface was expected> (0x00000000d5efee98) 
thrown [s\src\hotspot\share\interpreter\linkResolver.cpp, line 840]
Event: 3.987 Thread 0x0000025c8a6760c0 Exception <a 'java/lang/NoSuchMethodError'{0x00000000d5f0ef18}: 'java.lang.Object java.lang.invoke.DirectMethodHandle$Holder.invokeSpecial(java.lang.Object, java.lang.Object, java.lang.Object, int, java.lang.Object, java.lang.Object)'> (0x00000000d5f0ef18) 
thrown [s\src\hotspot\share\interpreter\linkResolver.cpp, line 773]
Event: 3.987 Thread 0x0000025c8a6760c0 Exception <a 'java/lang/NoSuchMethodError'{0x00000000d5f16930}: 'java.lang.Object java.lang.invoke.DirectMethodHandle$Holder.newInvokeSpecial(java.lang.Object, java.lang.Object, java.lang.Object, int, java.lang.Object)'> (0x00000000d5f16930) 
thrown [s\src\hotspot\share\interpreter\linkResolver.cpp, line 773]
Event: 3.988 Thread 0x0000025c8a6760c0 Exception <a 'java/lang/NoSuchMethodError'{0x00000000d5f1a8b0}: 'java.lang.Object java.lang.invoke.DirectMethodHandle$Holder.invokeSpecial(java.lang.Object, java.lang.Object, java.lang.Object, java.lang.Object, int, java.lang.Object)'> (0x00000000d5f1a8b0) 
thrown [s\src\hotspot\share\interpreter\linkResolver.cpp, line 773]
Event: 3.988 Thread 0x0000025c8a6760c0 Exception <a 'java/lang/NoSuchMethodError'{0x00000000d5f1e3f0}: 'java.lang.Object java.lang.invoke.Invokers$Holder.linkToTargetMethod(java.lang.Object, java.lang.Object, int, java.lang.Object, java.lang.Object)'> (0x00000000d5f1e3f0) 
thrown [s\src\hotspot\share\interpreter\linkResolver.cpp, line 773]
Event: 3.988 Thread 0x0000025c8a7fdbb0 Exception <a 'java/lang/NoSuchMethodError'{0x00000000d5f5d1c0}: 'java.lang.Object java.lang.invoke.DirectMethodHandle$Holder.invokeSpecial(java.lang.Object, java.lang.Object, int, java.lang.Object, java.lang.Object)'> (0x00000000d5f5d1c0) 
thrown [s\src\hotspot\share\interpreter\linkResolver.cpp, line 773]
Event: 4.003 Thread 0x0000025c8a6760c0 Exception <a 'java/lang/NoSuchMethodError'{0x00000000d6028078}: 'void java.lang.invoke.DirectMethodHandle$Holder.invokeSpecial(java.lang.Object, java.lang.Object, java.lang.Object, java.lang.Object, java.lang.Object)'> (0x00000000d6028078) 
thrown [s\src\hotspot\share\interpreter\linkResolver.cpp, line 773]
Event: 4.143 Thread 0x0000025c8a6760c0 Exception <a 'java/lang/NoSuchMethodError'{0x00000000d6801410}: 'java.lang.Object java.lang.invoke.DirectMethodHandle$Holder.invokeInterface(java.lang.Object, java.lang.Object, java.lang.Object)'> (0x00000000d6801410) 
thrown [s\src\hotspot\share\interpreter\linkResolver.cpp, line 773]
Event: 4.214 Thread 0x0000025c8a6760c0 Exception <a 'java/lang/NoSuchMethodError'{0x00000000d6c87970}: 'java.lang.Object java.lang.invoke.Invokers$Holder.linkToTargetMethod(java.lang.Object, long, java.lang.Object, java.lang.Object)'> (0x00000000d6c87970) 
thrown [s\src\hotspot\share\interpreter\linkResolver.cpp, line 773]

ZGC Phase Switch (0 events):
No events

VM Operations (20 events):
Event: 3.458 Executing VM operation: HandshakeAllThreads (Deoptimize)
Event: 3.458 Executing VM operation: HandshakeAllThreads (Deoptimize) done
Event: 3.464 Executing VM operation: ICBufferFull
Event: 3.464 Executing VM operation: ICBufferFull done
Event: 3.500 Executing VM operation: ParallelGCFailedAllocation (Allocation Failure)
Event: 3.504 Executing VM operation: ParallelGCFailedAllocation (Allocation Failure) done
Event: 3.694 Executing VM operation: HandshakeAllThreads (Deoptimize)
Event: 3.694 Executing VM operation: HandshakeAllThreads (Deoptimize) done
Event: 3.852 Executing VM operation: HandshakeAllThreads (Deoptimize)
Event: 3.852 Executing VM operation: HandshakeAllThreads (Deoptimize) done
Event: 4.073 Executing VM operation: HandshakeAllThreads (Deoptimize)
Event: 4.073 Executing VM operation: HandshakeAllThreads (Deoptimize) done
Event: 4.112 Executing VM operation: HandshakeAllThreads (Deoptimize)
Event: 4.112 Executing VM operation: HandshakeAllThreads (Deoptimize) done
Event: 4.116 Executing VM operation: HandshakeAllThreads (Deoptimize)
Event: 4.116 Executing VM operation: HandshakeAllThreads (Deoptimize) done
Event: 4.154 Executing VM operation: ICBufferFull
Event: 4.155 Executing VM operation: ICBufferFull done
Event: 4.270 Executing VM operation: ParallelGCFailedAllocation (Allocation Failure)
Event: 4.274 Executing VM operation: ParallelGCFailedAllocation (Allocation Failure) done

Memory protections (0 events):
No events

Nmethod flushes (0 events):
No events

Events (20 events):
Event: 0.057 Thread 0x0000025c2cbaf0f0 Thread added: 0x0000025c4365e350
Event: 0.134 Thread 0x0000025c2cbaf0f0 Thread added: 0x0000025c85a140a0
Event: 0.314 Thread 0x0000025c2cbaf0f0 Thread added: 0x0000025c85b3f780
Event: 0.389 Thread 0x0000025c4365e350 Thread added: 0x0000025c85c59730
Event: 1.162 Thread 0x0000025c2cbaf0f0 Thread added: 0x0000025c8a6815e0
Event: 1.501 Thread 0x0000025c2cbaf0f0 Thread added: 0x0000025c8aa85720
Event: 1.599 Thread 0x0000025c85c59730 Thread exited: 0x0000025c85c59730
Event: 1.663 Thread 0x0000025c8aa85720 Thread added: 0x0000025c8aa55f40
Event: 1.850 Thread 0x0000025c2cbaf0f0 Thread added: 0x0000025c8a6760c0
Event: 1.989 Thread 0x0000025c4365e350 Thread added: 0x0000025c8a65d150
Event: 2.100 Thread 0x0000025c8a65d150 Thread exited: 0x0000025c8a65d150
Event: 2.196 Thread 0x0000025c435ebe50 Thread added: 0x0000025c8a8a9060
Event: 2.533 Thread 0x0000025c8a6760c0 Thread added: 0x0000025c8adb30b0
Event: 2.997 Thread 0x0000025c8a6760c0 Thread added: 0x0000025c8a7dcfe0
Event: 3.288 Thread 0x0000025c8a6760c0 Thread added: 0x0000025c8a615890
Event: 3.402 Thread 0x0000025c8a8a9060 Thread exited: 0x0000025c8a8a9060
Event: 3.869 Thread 0x0000025c8a6760c0 Thread added: 0x0000025c8a95fb50
Event: 3.937 Thread 0x0000025c8a6760c0 Thread added: 0x0000025c8a7fdbb0
Event: 3.989 Thread 0x0000025c8a6760c0 Thread added: 0x0000025c8a7fe240
Event: 4.354 Thread 0x0000025c4365e350 Thread added: 0x0000025c8b0a0050


Dynamic libraries:
0x00007ff60f7b0000 - 0x00007ff60f7be000 	c:\Users\Mehme\.antigravity\extensions\redhat.java-1.52.0-win32-x64\jre\21.0.9-win32-x86_64\bin\java.exe
0x00007fff7c9a0000 - 0x00007fff7cc07000 	C:\WINDOWS\SYSTEM32\ntdll.dll
0x00007fff7c7d0000 - 0x00007fff7c899000 	C:\WINDOWS\System32\KERNEL32.DLL
0x00007fff79e50000 - 0x00007fff7a241000 	C:\WINDOWS\System32\KERNELBASE.dll
0x00007fff7a3c0000 - 0x00007fff7a50b000 	C:\WINDOWS\System32\ucrtbase.dll
0x00007fff744d0000 - 0x00007fff744e8000 	c:\Users\Mehme\.antigravity\extensions\redhat.java-1.52.0-win32-x64\jre\21.0.9-win32-x86_64\bin\jli.dll
0x00007fff7bb50000 - 0x00007fff7bd15000 	C:\WINDOWS\System32\USER32.dll
0x00007fff79280000 - 0x00007fff792a7000 	C:\WINDOWS\System32\win32u.dll
0x00007fff7b9a0000 - 0x00007fff7b9cb000 	C:\WINDOWS\System32\GDI32.dll
0x00007fff79d20000 - 0x00007fff79e4b000 	C:\WINDOWS\System32\gdi32full.dll
0x00007fff792b0000 - 0x00007fff79353000 	C:\WINDOWS\System32\msvcp_win.dll
0x00007fff73bb0000 - 0x00007fff73bce000 	c:\Users\Mehme\.antigravity\extensions\redhat.java-1.52.0-win32-x64\jre\21.0.9-win32-x86_64\bin\VCRUNTIME140.dll
0x00007fff60730000 - 0x00007fff609c3000 	C:\WINDOWS\WinSxS\amd64_microsoft.windows.common-controls_6595b64144ccf1df_6.0.26100.8037_none_3e092faae333b53b\COMCTL32.dll
0x00007fff7c8b0000 - 0x00007fff7c959000 	C:\WINDOWS\System32\msvcrt.dll
0x00007fff7c790000 - 0x00007fff7c7c1000 	C:\WINDOWS\System32\IMM32.DLL
0x00007fff73ba0000 - 0x00007fff73bac000 	c:\Users\Mehme\.antigravity\extensions\redhat.java-1.52.0-win32-x64\jre\21.0.9-win32-x86_64\bin\vcruntime140_1.dll
0x00007fff576b0000 - 0x00007fff5773d000 	c:\Users\Mehme\.antigravity\extensions\redhat.java-1.52.0-win32-x64\jre\21.0.9-win32-x86_64\bin\msvcp140.dll
0x00007ffebd970000 - 0x00007ffebe710000 	c:\Users\Mehme\.antigravity\extensions\redhat.java-1.52.0-win32-x64\jre\21.0.9-win32-x86_64\bin\server\jvm.dll
0x00007fff7a740000 - 0x00007fff7a7fb000 	C:\WINDOWS\System32\ADVAPI32.dll
0x00007fff7c5f0000 - 0x00007fff7c697000 	C:\WINDOWS\System32\sechost.dll
0x00007fff7c130000 - 0x00007fff7c248000 	C:\WINDOWS\System32\RPCRT4.dll
0x00007fff7c710000 - 0x00007fff7c784000 	C:\WINDOWS\System32\WS2_32.dll
0x00007fff78f30000 - 0x00007fff78f8e000 	C:\WINDOWS\SYSTEM32\POWRPROF.dll
0x00007fff6a350000 - 0x00007fff6a385000 	C:\WINDOWS\SYSTEM32\WINMM.dll
0x00007fff72a00000 - 0x00007fff72a0b000 	C:\WINDOWS\SYSTEM32\VERSION.dll
0x00007fff78f10000 - 0x00007fff78f24000 	C:\WINDOWS\SYSTEM32\UMPDC.dll
0x00007fff77fd0000 - 0x00007fff77feb000 	C:\WINDOWS\SYSTEM32\kernel.appcore.dll
0x00007fff5da60000 - 0x00007fff5da6a000 	c:\Users\Mehme\.antigravity\extensions\redhat.java-1.52.0-win32-x64\jre\21.0.9-win32-x86_64\bin\jimage.dll
0x00007fff770b0000 - 0x00007fff772f2000 	C:\WINDOWS\SYSTEM32\DBGHELP.DLL
0x00007fff7c260000 - 0x00007fff7c5e2000 	C:\WINDOWS\System32\combase.dll
0x00007fff7b430000 - 0x00007fff7b507000 	C:\WINDOWS\System32\OLEAUT32.dll
0x00007fff567a0000 - 0x00007fff567db000 	C:\WINDOWS\SYSTEM32\dbgcore.DLL
0x00007fff7a510000 - 0x00007fff7a5b5000 	C:\WINDOWS\System32\bcryptPrimitives.dll
0x00007fff5cc90000 - 0x00007fff5cc9f000 	c:\Users\Mehme\.antigravity\extensions\redhat.java-1.52.0-win32-x64\jre\21.0.9-win32-x86_64\bin\instrument.dll
0x00007fff57690000 - 0x00007fff576b0000 	c:\Users\Mehme\.antigravity\extensions\redhat.java-1.52.0-win32-x64\jre\21.0.9-win32-x86_64\bin\java.dll
0x00007fff7a8c0000 - 0x00007fff7b01f000 	C:\WINDOWS\System32\SHELL32.dll
0x00007fff7a250000 - 0x00007fff7a3ba000 	C:\WINDOWS\System32\wintypes.dll
0x00007fff793f0000 - 0x00007fff79c54000 	C:\WINDOWS\System32\windows.storage.dll
0x00007fff7b9d0000 - 0x00007fff7bac7000 	C:\WINDOWS\System32\SHCORE.dll
0x00007fff7c6a0000 - 0x00007fff7c707000 	C:\WINDOWS\System32\shlwapi.dll
0x00007fff791a0000 - 0x00007fff791c9000 	C:\WINDOWS\SYSTEM32\profapi.dll
0x00007fff57670000 - 0x00007fff57688000 	c:\Users\Mehme\.antigravity\extensions\redhat.java-1.52.0-win32-x64\jre\21.0.9-win32-x86_64\bin\zip.dll
0x00007fff575f0000 - 0x00007fff57600000 	C:\Users\Mehme\.antigravity\extensions\redhat.java-1.52.0-win32-x64\jre\21.0.9-win32-x86_64\bin\net.dll
0x00007fff73530000 - 0x00007fff73657000 	C:\WINDOWS\SYSTEM32\WINHTTP.dll
0x00007fff78540000 - 0x00007fff785ab000 	C:\WINDOWS\system32\mswsock.dll
0x00007fff532e0000 - 0x00007fff532f6000 	C:\Users\Mehme\.antigravity\extensions\redhat.java-1.52.0-win32-x64\jre\21.0.9-win32-x86_64\bin\nio.dll
0x00007fff56920000 - 0x00007fff56930000 	c:\Users\Mehme\.antigravity\extensions\redhat.java-1.52.0-win32-x64\jre\21.0.9-win32-x86_64\bin\verify.dll
0x00007fff125c0000 - 0x00007fff12605000 	C:\Users\Mehme\AppData\Roaming\Antigravity\User\globalStorage\redhat.java\1.52.0\config_win\org.eclipse.equinox.launcher\org.eclipse.equinox.launcher.win32.win32.x86_64_1.2.1500.v20260121-1430\eclipse_11919.dll
0x00007fff7be30000 - 0x00007fff7bfc5000 	C:\WINDOWS\System32\ole32.dll
0x00007fff78860000 - 0x00007fff7887b000 	C:\WINDOWS\SYSTEM32\CRYPTSP.dll
0x00007fff77f30000 - 0x00007fff77f69000 	C:\WINDOWS\system32\rsaenh.dll
0x00007fff78610000 - 0x00007fff78642000 	C:\WINDOWS\SYSTEM32\USERENV.dll
0x00007fff79170000 - 0x00007fff7919a000 	C:\WINDOWS\SYSTEM32\bcrypt.dll
0x00007fff78880000 - 0x00007fff7888c000 	C:\WINDOWS\SYSTEM32\CRYPTBASE.dll
0x00007fff778e0000 - 0x00007fff77913000 	C:\WINDOWS\SYSTEM32\IPHLPAPI.DLL
0x00007fff7be20000 - 0x00007fff7be2a000 	C:\WINDOWS\System32\NSI.dll
0x00007fff0db10000 - 0x00007fff0db59000 	C:\Users\Mehme\AppData\Local\Temp\jna-74223432\jna4846432163333708289.dll
0x00007fff7bb40000 - 0x00007fff7bb48000 	C:\WINDOWS\System32\PSAPI.DLL

JVMTI agents:
c:\Users\Mehme\.antigravity\extensions\redhat.java-1.52.0-win32-x64\lombok\lombok-1.18.39-4050.jar path:c:\Users\Mehme\.antigravity\extensions\redhat.java-1.52.0-win32-x64\jre\21.0.9-win32-x86_64\bin\instrument.dll, loaded, initialized, instrumentlib options:none

dbghelp: loaded successfully - version: 4.0.5 - missing functions: none
symbol engine: initialized successfully - sym options: 0x614 - pdb path: .;c:\Users\Mehme\.antigravity\extensions\redhat.java-1.52.0-win32-x64\jre\21.0.9-win32-x86_64\bin;C:\WINDOWS\SYSTEM32;C:\WINDOWS\WinSxS\amd64_microsoft.windows.common-controls_6595b64144ccf1df_6.0.26100.8037_none_3e092faae333b53b;c:\Users\Mehme\.antigravity\extensions\redhat.java-1.52.0-win32-x64\jre\21.0.9-win32-x86_64\bin\server;C:\Users\Mehme\AppData\Roaming\Antigravity\User\globalStorage\redhat.java\1.52.0\config_win\org.eclipse.equinox.launcher\org.eclipse.equinox.launcher.win32.win32.x86_64_1.2.1500.v20260121-1430;C:\Users\Mehme\AppData\Local\Temp\jna-74223432

VM Arguments:
jvm_args: --add-modules=ALL-SYSTEM --add-opens=java.base/java.util=ALL-UNNAMED --add-opens=java.base/java.lang=ALL-UNNAMED --add-opens=java.base/sun.nio.fs=ALL-UNNAMED -Declipse.application=org.eclipse.jdt.ls.core.id1 -Dosgi.bundles.defaultStartLevel=4 -Declipse.product=org.eclipse.jdt.ls.core.product -Djava.import.generatesMetadataFilesAtProjectRoot=false -DDetectVMInstallationsJob.disabled=true -Dfile.encoding=utf8 -XX:+UseParallelGC -XX:GCTimeRatio=4 -XX:AdaptiveSizePolicyWeight=90 -Dsun.zip.disableMemoryMapping=true -Xmx2G -Xms100m -Xlog:disable -javaagent:c:\Users\Mehme\.antigravity\extensions\redhat.java-1.52.0-win32-x64\lombok\lombok-1.18.39-4050.jar -XX:+HeapDumpOnOutOfMemoryError -XX:HeapDumpPath=c:\Users\Mehme\AppData\Roaming\Antigravity\User\workspaceStorage\834461939916f63032647d8448ab6216\redhat.java -Daether.dependencyCollector.impl=bf 
java_command: c:\Users\Mehme\.antigravity\extensions\redhat.java-1.52.0-win32-x64\server\plugins\org.eclipse.equinox.launcher_1.7.100.v20251111-0406.jar -configuration c:\Users\Mehme\AppData\Roaming\Antigravity\User\globalStorage\redhat.java\1.52.0\config_win -data c:\Users\Mehme\AppData\Roaming\Antigravity\User\workspaceStorage\834461939916f63032647d8448ab6216\redhat.java\jdt_ws --pipe=\\.\pipe\lsp-c9218f4ebab9bde9f0f50af8b828d747-sock
java_class_path (initial): c:\Users\Mehme\.antigravity\extensions\redhat.java-1.52.0-win32-x64\server\plugins\org.eclipse.equinox.launcher_1.7.100.v20251111-0406.jar
Launcher Type: SUN_STANDARD

[Global flags]
    uintx AdaptiveSizePolicyWeight                 = 90                                        {product} {command line}
     intx CICompilerCount                          = 3                                         {product} {ergonomic}
    uintx GCTimeRatio                              = 4                                         {product} {command line}
     bool HeapDumpOnOutOfMemoryError               = true                                   {manageable} {command line}
    ccstr HeapDumpPath                             = c:\Users\Mehme\AppData\Roaming\Antigravity\User\workspaceStorage\834461939916f63032647d8448ab6216\redhat.java         {manageable} {command line}
   size_t InitialHeapSize                          = 104857600                                 {product} {command line}
   size_t MaxHeapSize                              = 2147483648                                {product} {command line}
   size_t MaxNewSize                               = 715653120                                 {product} {ergonomic}
   size_t MinHeapDeltaBytes                        = 524288                                    {product} {ergonomic}
   size_t MinHeapSize                              = 104857600                                 {product} {command line}
   size_t NewSize                                  = 34603008                                  {product} {ergonomic}
    uintx NonNMethodCodeHeapSize                   = 5832780                                {pd product} {ergonomic}
    uintx NonProfiledCodeHeapSize                  = 122912730                              {pd product} {ergonomic}
   size_t OldSize                                  = 70254592                                  {product} {ergonomic}
    uintx ProfiledCodeHeapSize                     = 122912730                              {pd product} {ergonomic}
    uintx ReservedCodeCacheSize                    = 251658240                              {pd product} {ergonomic}
     bool SegmentedCodeCache                       = true                                      {product} {ergonomic}
   size_t SoftMaxHeapSize                          = 2147483648                             {manageable} {ergonomic}
     bool UseCompressedOops                        = true                           {product lp64_product} {ergonomic}
     bool UseLargePagesIndividualAllocation        = false                                  {pd product} {ergonomic}
     bool UseParallelGC                            = true                                      {product} {command line}

Logging:
Log output configuration:
 #0: stdout all=off uptime,level,tags foldmultilines=false
 #1: stderr all=off uptime,level,tags foldmultilines=false

Release file:
JAVA_VERSION="21.0.9" 
MODULES="java.base java.compiler java.datatransfer java.xml java.prefs java.desktop java.instrument java.logging java.management java.security.sasl java.naming java.rmi java.management.rmi java.net.http java.scripting java.security.jgss java.transaction.xa java.sql java.sql.rowset java.xml.crypto java.se java.smartcardio jdk.accessibility jdk.internal.jvmstat jdk.attach jdk.charsets jdk.internal.opt jdk.zipfs jdk.compiler jdk.crypto.ec jdk.crypto.cryptoki jdk.crypto.mscapi jdk.dynalink jdk.internal.ed jdk.editpad jdk.hotspot.agent jdk.httpserver jdk.internal.le jdk.internal.vm.ci jdk.internal.vm.compiler jdk.internal.vm.compiler.management jdk.jartool jdk.javadoc jdk.jcmd jdk.management jdk.management.agent jdk.jconsole jdk.jdeps jdk.jdwp.agent jdk.jdi jdk.jfr jdk.jshell jdk.jsobject jdk.jstatd jdk.localedata jdk.management.jfr jdk.naming.dns jdk.naming.rmi jdk.net jdk.nio.mapmode jdk.random jdk.sctp jdk.security.auth jdk.security.jgss jdk.unsupported jdk.unsupported.desktop jdk.xml.dom" 

Environment Variables:
JAVA_HOME=D:\Java\jdk-17
PATH=D:\Java\jdk-17\bin;C:\Program Files\Common Files\Oracle\Java\javapath;C:\WINDOWS\system32;C:\WINDOWS;C:\WINDOWS\System32\Wbem;C:\WINDOWS\System32\WindowsPowerShell\v1.0\;C:\WINDOWS\System32\OpenSSH\;C:\Program Files\Git\cmd;C:\Program Files\NVIDIA Corporation\NVIDIA App\NvDLISR;C:\Program Files (x86)\NVIDIA Corporation\PhysX\Common;C:\Program Files\MongoDB\Server\8.0\bin;C:\Program Files\Microsoft SQL Server\150\Tools\Binn\;C:\Program Files\dotnet\;D:\php;C:\Program Files\Docker\Docker\resources\bin;C:\Program Files\nodejs\;C:\Users\Mehme\Downloads\maven\apache-maven-3.9.11\bin;C:\Program Files\cursor\resources\app\bin;C:\Program Files\Cloudflare\Cloudflare WARP\;C:\Users\Mehme\AppData\Local\Microsoft\WindowsApps;D:\Microsoft VS Code\bin;C:\Users\Mehme\AppData\Roaming\npm;C:\Users\Mehme\AppData\Local\Programs\cursor\resources\app\bin;C:\Users\Mehme\AppData\Local\Programs\Windsurf\bin;C:\Users\Mehme\AppData\Local\Programs\Kiro\bin;C:\Users\Mehme\AppData\Local\Programs\Antigravity\bin
USERNAME=Mehme
OS=Windows_NT
PROCESSOR_IDENTIFIER=Intel64 Family 6 Model 158 Stepping 13, GenuineIntel
TMP=C:\Users\Mehme\AppData\Local\Temp
TEMP=C:\Users\Mehme\AppData\Local\Temp




Periodic native trim disabled

---------------  S Y S T E M  ---------------

OS:
 Windows 11 , 64 bit Build 26100 (10.0.26100.7920)
OS uptime: 2 days 22:49 hours
Hyper-V role detected

CPU: total 6 (initial active 6) (6 cores per cpu, 1 threads per core) family 6 model 158 stepping 13 microcode 0xde, cx8, cmov, fxsr, mmx, 3dnowpref, sse, sse2, sse3, ssse3, sse4.1, sse4.2, popcnt, lzcnt, tsc, tscinvbit, avx, avx2, aes, erms, clmul, bmi1, bmi2, adx, fma, vzeroupper, clflush, clflushopt, hv, rdtscp, f16c
Processor Information for the first 6 processors :
  Max Mhz: 3696, Current Mhz: 3696, Mhz Limit: 3696

Memory: 4k page, system-wide physical 16332M (1244M free)
TotalPageFile size 24524M (AvailPageFile size 0M)
current process WorkingSet (physical memory assigned to process): 141M, peak: 141M
current process commit charge ("private bytes"): 270M, peak: 273M

vm_info: OpenJDK 64-Bit Server VM (21.0.9+10-LTS) for windows-amd64 JRE (21.0.9+10-LTS), built on 2025-10-21T00:00:00Z by "admin" with unknown MS VC++:1942

END.
